#
# There is insufficient memory for the Java Runtime Environment to continue.
# Native memory allocation (malloc) failed to allocate 1048576 bytes. Error detail: AllocateHeap
# Possible reasons:
#   The system is out of physical RAM or swap space
#   This process is running with CompressedOops enabled, and the Java Heap may be blocking the growth of the native heap
# Possible solutions:
#   Reduce memory load on the system
#   Increase physical memory or swap space
#   Check if swap backing store is full
#   Decrease Java heap size (-Xmx/-Xms)
#   Decrease number of Java threads
#   Decrease Java thread stack sizes (-Xss)
#   Set larger code cache with -XX:ReservedCodeCacheSize=
#   JVM is running with Unscaled Compressed Oops mode in which the Java heap is
#     placed in the first 4GB address space. The Java Heap base address is the
#     maximum limit for the native heap growth. Please use -XX:HeapBaseMinAddress
#     to set the Java Heap base and to place the Java Heap above 4GB virtual address.
# This output file may be truncated or incomplete.
#
#  Out of Memory Error (allocation.cpp:44), pid=22600, tid=18576
#
# JRE version:  (17.0.12+7) (build )
# Java VM: OpenJDK 64-Bit Server VM (17.0.12+7-LTS, mixed mode, emulated-client, sharing, tiered, compressed oops, compressed class ptrs, g1 gc, windows-amd64)
# No core dump will be written. Minidumps are not enabled by default on client versions of Windows
#

---------------  S U M M A R Y ------------

Command Line: -XX:TieredStopAtLevel=1 -Dspring.output.ansi.enabled=always -Dcom.sun.management.jmxremote -Dspring.jmx.enabled=true -Dspring.liveBeansView.mbeanDomain -Dspring.application.admin.enabled=true -Dmanagement.endpoints.jmx.exposure.include=* -javaagent:C:\Program Files\IntelliJ\lib\idea_rt.jar=57976:C:\Program Files\IntelliJ\bin -Dfile.encoding=UTF-8 com.inventario.proveedores.MsProveedoresApplication

Host: AMD Ryzen 7 5700U with Radeon Graphics         , 16 cores, 7G,  Windows 11 , 64 bit Build 26100 (10.0.26100.7309)
Time: Sun Dec 14 23:03:11 2025 Hora est. Pacífico, Sudamérica elapsed time: 2.030616 seconds (0d 0h 0m 2s)

---------------  T H R E A D  ---------------

Current thread (0x000001cf57864ba0):  JavaThread "Unknown thread" [_thread_in_vm, id=18576, stack(0x000000446ee00000,0x000000446ef00000)]

Stack: [0x000000446ee00000,0x000000446ef00000]
Native frames: (J=compiled Java code, j=interpreted, Vv=VM code, C=native code)
V  [jvm.dll+0x67f4f9]
V  [jvm.dll+0x836eaa]
V  [jvm.dll+0x83896e]
V  [jvm.dll+0x838fd3]
V  [jvm.dll+0x247f6f]
V  [jvm.dll+0xa70d3]
V  [jvm.dll+0x2da714]
V  [jvm.dll+0x8086cf]
V  [jvm.dll+0x36cfa1]
V  [jvm.dll+0x7e70f5]
V  [jvm.dll+0x3f0adf]
V  [jvm.dll+0x3f2631]
C  [jli.dll+0x528f]
C  [ucrtbase.dll+0x37b0]
C  [KERNEL32.DLL+0x2e8d7]
C  [ntdll.dll+0x8c53c]


---------------  P R O C E S S  ---------------

Threads class SMR info:
_java_thread_list=0x00007ffaa64b6f18, length=0, elements={
}

Java Threads: ( => current thread )

Other Threads:

=>0x000001cf57864ba0 (exited) JavaThread "Unknown thread" [_thread_in_vm, id=18576, stack(0x000000446ee00000,0x000000446ef00000)]

Threads with active compile tasks:

VM state: not at safepoint (not fully initialized)

VM Mutex/Monitor currently owned by a thread: None

Heap address: 0x0000000000000000, size: 0 MB, Compressed Oops mode: 32-bit

CDS archive(s) mapped at: [0x0000000000000000-0x0000000000000000-0x0000000000000000), size 0, SharedBaseAddress: 0x0000000800000000, ArchiveRelocationMode: 1.
Narrow klass base: 0x0000000000000000, Narrow klass shift: 0, Narrow klass range: 0x0

GC Precious Log:
<Empty>

GC Heap History (0 events):
No events

Dll operation events (1 events):
Event: 1.018 Loaded shared library C:\Users\jeans\.jdks\corretto-17.0.12\bin\java.dll

Deoptimization events (0 events):
No events

Classes loaded (0 events):
No events

Classes unloaded (0 events):
No events

Classes redefined (0 events):
No events

Internal exceptions (0 events):
No events

VM Operations (0 events):
No events

Events (0 events):
No events


Dynamic libraries:
0x00007ff665560000 - 0x00007ff66556e000 	C:\Users\jeans\.jdks\corretto-17.0.12\bin\java.exe
0x00007ffb446a0000 - 0x00007ffb44907000 	C:\WINDOWS\SYSTEM32\ntdll.dll
0x00007ffb42620000 - 0x00007ffb426e9000 	C:\WINDOWS\System32\KERNEL32.DLL
0x00007ffb41940000 - 0x00007ffb41d2f000 	C:\WINDOWS\System32\KERNELBASE.dll
0x00007ffb420c0000 - 0x00007ffb4220b000 	C:\WINDOWS\System32\ucrtbase.dll
0x00007ffb147b0000 - 0x00007ffb147cb000 	C:\Users\jeans\.jdks\corretto-17.0.12\bin\VCRUNTIME140.dll
0x00007ffb2d8a0000 - 0x00007ffb2d8b7000 	C:\Users\jeans\.jdks\corretto-17.0.12\bin\jli.dll
0x00007ffb43360000 - 0x00007ffb43525000 	C:\WINDOWS\System32\USER32.dll
0x00007ffb41df0000 - 0x00007ffb41e17000 	C:\WINDOWS\System32\win32u.dll
0x00007ffb29750000 - 0x00007ffb299e3000 	C:\WINDOWS\WinSxS\amd64_microsoft.windows.common-controls_6595b64144ccf1df_6.0.26100.7309_none_3e05feeae336a044\COMCTL32.dll
0x00007ffb427f0000 - 0x00007ffb4281b000 	C:\WINDOWS\System32\GDI32.dll
0x00007ffb43860000 - 0x00007ffb43909000 	C:\WINDOWS\System32\msvcrt.dll
0x00007ffb41f90000 - 0x00007ffb420bc000 	C:\WINDOWS\System32\gdi32full.dll
0x00007ffb41d40000 - 0x00007ffb41de3000 	C:\WINDOWS\System32\msvcp_win.dll
0x00007ffb43910000 - 0x00007ffb43941000 	C:\WINDOWS\System32\IMM32.DLL
0x00007ffb34390000 - 0x00007ffb3439c000 	C:\Users\jeans\.jdks\corretto-17.0.12\bin\vcruntime140_1.dll
0x00007ffb06190000 - 0x00007ffb0621d000 	C:\Users\jeans\.jdks\corretto-17.0.12\bin\msvcp140.dll
0x00007ffaa5980000 - 0x00007ffaa65ea000 	C:\Users\jeans\.jdks\corretto-17.0.12\bin\server\jvm.dll
0x00007ffb42f10000 - 0x00007ffb42fc4000 	C:\WINDOWS\System32\ADVAPI32.dll
0x00007ffb437b0000 - 0x00007ffb43856000 	C:\WINDOWS\System32\sechost.dll
0x00007ffb42fd0000 - 0x00007ffb430e8000 	C:\WINDOWS\System32\RPCRT4.dll
0x00007ffb429a0000 - 0x00007ffb42a14000 	C:\WINDOWS\System32\WS2_32.dll
0x00007ffb38fd0000 - 0x00007ffb38fdb000 	C:\WINDOWS\SYSTEM32\VERSION.dll
0x00007ffb3eeb0000 - 0x00007ffb3eee5000 	C:\WINDOWS\SYSTEM32\WINMM.dll
0x00007ffb41650000 - 0x00007ffb416ae000 	C:\WINDOWS\SYSTEM32\POWRPROF.dll
0x00007ffb41630000 - 0x00007ffb41644000 	C:\WINDOWS\SYSTEM32\UMPDC.dll
0x00007ffb40560000 - 0x00007ffb4057b000 	C:\WINDOWS\SYSTEM32\kernel.appcore.dll
0x00007ffb2fc70000 - 0x00007ffb2fc7a000 	C:\Users\jeans\.jdks\corretto-17.0.12\bin\jimage.dll
0x00007ffb3ebd0000 - 0x00007ffb3ee12000 	C:\WINDOWS\SYSTEM32\DBGHELP.DLL
0x00007ffb42a20000 - 0x00007ffb42da5000 	C:\WINDOWS\System32\combase.dll
0x00007ffb43100000 - 0x00007ffb431d6000 	C:\WINDOWS\System32\OLEAUT32.dll
0x00007ffb3ee70000 - 0x00007ffb3eeac000 	C:\WINDOWS\SYSTEM32\dbgcore.DLL
0x00007ffb42390000 - 0x00007ffb42435000 	C:\WINDOWS\System32\bcryptPrimitives.dll
0x00007ffb2ec30000 - 0x00007ffb2ec3e000 	C:\Users\jeans\.jdks\corretto-17.0.12\bin\instrument.dll
0x00007ffb08890000 - 0x00007ffb088b5000 	C:\Users\jeans\.jdks\corretto-17.0.12\bin\java.dll

dbghelp: loaded successfully - version: 4.0.5 - missing functions: none
symbol engine: initialized successfully - sym options: 0x614 - pdb path: .;C:\Users\jeans\.jdks\corretto-17.0.12\bin;C:\WINDOWS\SYSTEM32;C:\WINDOWS\WinSxS\amd64_microsoft.windows.common-controls_6595b64144ccf1df_6.0.26100.7309_none_3e05feeae336a044;C:\Users\jeans\.jdks\corretto-17.0.12\bin\server

VM Arguments:
jvm_args: -XX:TieredStopAtLevel=1 -Dspring.output.ansi.enabled=always -Dcom.sun.management.jmxremote -Dspring.jmx.enabled=true -Dspring.liveBeansView.mbeanDomain -Dspring.application.admin.enabled=true -Dmanagement.endpoints.jmx.exposure.include=* -javaagent:C:\Program Files\IntelliJ\lib\idea_rt.jar=57976:C:\Program Files\IntelliJ\bin -Dfile.encoding=UTF-8 
java_command: com.inventario.proveedores.MsProveedoresApplication
java_class_path (initial): C:\sistema-inventario-microservicios\ms-proveedores\target\classes;C:\Users\jeans\.m2\repository\org\springframework\boot\spring-boot-starter-data-jpa\4.0.0\spring-boot-starter-data-jpa-4.0.0.jar;C:\Users\jeans\.m2\repository\org\springframework\boot\spring-boot-starter\4.0.0\spring-boot-starter-4.0.0.jar;C:\Users\jeans\.m2\repository\org\springframework\boot\spring-boot-starter-logging\4.0.0\spring-boot-starter-logging-4.0.0.jar;C:\Users\jeans\.m2\repository\ch\qos\logback\logback-classic\1.5.21\logback-classic-1.5.21.jar;C:\Users\jeans\.m2\repository\ch\qos\logback\logback-core\1.5.21\logback-core-1.5.21.jar;C:\Users\jeans\.m2\repository\org\apache\logging\log4j\log4j-to-slf4j\2.25.2\log4j-to-slf4j-2.25.2.jar;C:\Users\jeans\.m2\repository\org\apache\logging\log4j\log4j-api\2.25.2\log4j-api-2.25.2.jar;C:\Users\jeans\.m2\repository\org\slf4j\jul-to-slf4j\2.0.17\jul-to-slf4j-2.0.17.jar;C:\Users\jeans\.m2\repository\org\springframework\boot\spring-boot-autoconfigure\4.0.0\spring-boot-autoconfigure-4.0.0.jar;C:\Users\jeans\.m2\repository\jakarta\annotation\jakarta.annotation-api\3.0.0\jakarta.annotation-api-3.0.0.jar;C:\Users\jeans\.m2\repository\org\yaml\snakeyaml\2.5\snakeyaml-2.5.jar;C:\Users\jeans\.m2\repository\org\springframework\boot\spring-boot-starter-jdbc\4.0.0\spring-boot-starter-jdbc-4.0.0.jar;C:\Users\jeans\.m2\repository\com\zaxxer\HikariCP\7.0.2\HikariCP-7.0.2.jar;C:\Users\jeans\.m2\repository\org\slf4j\slf4j-api\2.0.17\slf4j-api-2.0.17.jar;C:\Users\jeans\.m2\repository\org\springframework\boot\spring-boot-data-jpa\4.0.0\spring-boot-data-jpa-4.0.0.jar;C:\Users\jeans\.m2\repository\org\springframework\boot\spring-boot-data-commons\4.0.0\spring-boot-data-commons-4.0.0.jar;C:\Users\jeans\.m2\repository\org\springframework\boot\spring-boot-persistence\4.0.0\spring-boot-persistence-4.0.0.jar;C:\Users\jeans\.m2\repository\org\springframework\data\spring-data-commons\4.0.0\spring-data-commons-4.0.0.jar;C:\Users\jeans\.m2\repository\
Launcher Type: SUN_STANDARD

[Global flags]
     intx CICompilerCount                          = 12                                        {product} {ergonomic}
     uint ConcGCThreads                            = 3                                         {product} {ergonomic}
     uint G1ConcRefinementThreads                  = 13                                        {product} {ergonomic}
   size_t G1HeapRegionSize                         = 1048576                                   {product} {ergonomic}
    uintx GCDrainStackTargetSize                   = 64                                        {product} {ergonomic}
   size_t InitialHeapSize                          = 123731968                                 {product} {ergonomic}
     bool ManagementServer                         = true                                      {product} {command line}
   size_t MarkStackSize                            = 4194304                                   {product} {ergonomic}
   size_t MaxHeapSize                              = 1971322880                                {product} {ergonomic}
   size_t MinHeapDeltaBytes                        = 1048576                                   {product} {ergonomic}
   size_t MinHeapSize                              = 8388608                                   {product} {ergonomic}
    uintx NonProfiledCodeHeapSize                  = 0                                      {pd product} {ergonomic}
     bool ProfileInterpreter                       = false                                  {pd product} {command line}
    uintx ProfiledCodeHeapSize                     = 0                                      {pd product} {ergonomic}
   size_t SoftMaxHeapSize                          = 1971322880                             {manageable} {ergonomic}
     intx TieredStopAtLevel                        = 1                                         {product} {command line}
     bool UseCompressedClassPointers               = true                           {product lp64_product} {ergonomic}
     bool UseCompressedOops                        = true                           {product lp64_product} {ergonomic}
     bool UseG1GC                                  = true                                      {product} {ergonomic}
     bool UseLargePagesIndividualAllocation        = false                                  {pd product} {ergonomic}

Logging:
Log output configuration:
 #0: stdout all=warning uptime,level,tags
 #1: stderr all=off uptime,level,tags

Environment Variables:
JAVA_HOME=C:\Program Files\Eclipse Adoptium\jdk-17.0.17.10-hotspot\
PATH=C:\Program Files\Eclipse Adoptium\jdk-17.0.17.10-hotspot\bin;C:\Program Files (x86)\Common Files\Oracle\Java\javapath;C:\oraclexe\app\oracle\product\11.2.0\server\bin;C:\Program Files\Common Files\Oracle\Java\javapath;C:\Program Files (x86)\VMware\VMware Workstation\bin\;C:\WINDOWS\system32;C:\WINDOWS;C:\WINDOWS\System32\Wbem;C:\WINDOWS\System32\WindowsPowerShell\v1.0\;C:\WINDOWS\System32\OpenSSH\;C:\Program Files\dotnet\;C:\Program Files\Microsoft SQL Server\Client SDK\ODBC\170\Tools\Binn\;C:\Program Files\Azure Data Studio\bin;C:\Program Files\PuTTY\;C:\Program Files\nodejs\;C:\Program Files\Git\cmd;C:\Program Files (x86)\Windows Kits\10\Windows Performance Toolkit\;C:\ProgramData\chocolatey\bin;C:\ProgramData\chocolatey\lib\maven\apache-maven-3.9.9\bin;C:\Program Files (x86)\Microsoft SQL Server\150\Tools\Binn\;C:\Program Files\Microsoft SQL Server\150\Tools\Binn\;C:\Program Files\Microsoft SQL Server\150\DTS\Binn\;C:\Program Files (x86)\Microsoft SQL Server\160\DTS\Binn\;C:\Program Files (x86)\Microsoft SQL Server\150\DTS\Binn\;C:\lolalolita\CASSANDRA\bin;C:\Users\jeans\AppData\Local\Programs\Python\Python312;;C:\Program Files\Docker\Docker\resources\bin;C:\Users\jeans\AppData\Local\Programs\Python\Python312\Scripts\;C:\Users\jeans\AppData\Local\Programs\Python\Python312\;C:\Users\jeans\.console-ninja\.bin;C:\Users\jeans\AppData\Local\Microsoft\WindowsApps;C:\Users\jeans\.dotnet\tools;C:\Program Files\Azure Data Studio\bin;C:\Users\jeans\AppData\Local\Programs\Microsoft VS Code\bin;C:\Users\jeans\AppData\Roaming\npm;C:\Program Files\MySQL\MySQL Server 8.0\bin;C:\Users\jeans\flutter\bin;C:\Program Files\PostgreSQL\17\bin;C:\Users\jeans\AppData\Local\Microsoft\WindowsApps;C:\Program Files\MongoDB\Server\8.0\bin;C:\Program Files\Java\jdk-21\;C:\Users\jeans\AppData\Local\GitHubDesktop\bin
USERNAME=jeans
OS=Windows_NT
PROCESSOR_IDENTIFIER=AMD64 Family 23 Model 104 Stepping 1, AuthenticAMD
TMP=C:\Users\jeans\AppData\Local\Temp
TEMP=C:\Users\jeans\AppData\Local\Temp



Periodic native trim disabled


---------------  S Y S T E M  ---------------

OS:
 Windows 11 , 64 bit Build 26100 (10.0.26100.7309)
OS uptime: 1 days 4:01 hours
Hyper-V role detected

CPU: total 16 (initial active 16) (16 cores per cpu, 2 threads per core) family 23 model 104 stepping 1 microcode 0x8608103, cx8, cmov, fxsr, ht, mmx, 3dnowpref, sse, sse2, sse3, ssse3, sse4a, sse4.1, sse4.2, popcnt, lzcnt, tsc, tscinvbit, avx, avx2, aes, clmul, bmi1, bmi2, adx, sha, fma, vzeroupper, clflush, clflushopt, hv
Processor Information for all 16 processors :
  Max Mhz: 1801, Current Mhz: 1801, Mhz Limit: 1801

Memory: 4k page, system-wide physical 7514M (872M free)
TotalPageFile size 31066M (AvailPageFile size 0M)
current process WorkingSet (physical memory assigned to process): 12M, peak: 12M
current process commit charge ("private bytes"): 13M, peak: 14M

vm_info: OpenJDK 64-Bit Server VM (17.0.12+7-LTS) for windows-amd64 JRE (17.0.12+7-LTS), built on Jul 10 2024 20:46:33 by "Administrator" with MS VC++ 16.10 / 16.11 (VS2019)

END.
