#
# There is insufficient memory for the Java Runtime Environment to continue.
# Native memory allocation (malloc) failed to allocate 1222896 bytes. Error detail: Chunk::new
# Possible reasons:
#   The system is out of physical RAM or swap space
#   This process is running with CompressedOops enabled, and the Java Heap may be blocking the growth of the native heap
# Possible solutions:
#   Reduce memory load on the system
#   Increase physical memory or swap space
#   Check if swap backing store is full
#   Decrease Java heap size (-Xmx/-Xms)
#   Decrease number of Java threads
#   Decrease Java thread stack sizes (-Xss)
#   Set larger code cache with -XX:ReservedCodeCacheSize=
#   JVM is running with Unscaled Compressed Oops mode in which the Java heap is
#     placed in the first 4GB address space. The Java Heap base address is the
#     maximum limit for the native heap growth. Please use -XX:HeapBaseMinAddress
#     to set the Java Heap base and to place the Java Heap above 4GB virtual address.
# This output file may be truncated or incomplete.
#
#  Out of Memory Error (arena.cpp:191), pid=34124, tid=35820
#
# JRE version: OpenJDK Runtime Environment Temurin-17.0.17+10 (17.0.17+10) (build 17.0.17+10)
# Java VM: OpenJDK 64-Bit Server VM Temurin-17.0.17+10 (17.0.17+10, mixed mode, sharing, tiered, compressed oops, compressed class ptrs, g1 gc, windows-amd64)
# No core dump will be written. Minidumps are not enabled by default on client versions of Windows
#

---------------  S U M M A R Y ------------

Command Line: -Dclassworlds.conf=C:\ProgramData\chocolatey\lib\maven\apache-maven-3.9.9\bin\m2.conf -Dmaven.home=C:\ProgramData\chocolatey\lib\maven\apache-maven-3.9.9 -Dlibrary.jansi.path=C:\ProgramData\chocolatey\lib\maven\apache-maven-3.9.9\lib\jansi-native -Dmaven.multiModuleProjectDirectory=C:\sistema-inventario-microservicios\ms-compras -Xmx512m org.codehaus.plexus.classworlds.launcher.Launcher clean package -DskipTests

Host: AMD Ryzen 7 5700U with Radeon Graphics         , 16 cores, 7G,  Windows 11 , 64 bit Build 26100 (10.0.26100.7019)
Time: Sun Dec  7 19:58:31 2025 Hora est. Pacífico, Sudamérica elapsed time: 16.818645 seconds (0d 0h 0m 16s)

---------------  T H R E A D  ---------------

Current thread (0x00000247e86a75a0):  JavaThread "C2 CompilerThread2" daemon [_thread_in_native, id=35820, stack(0x000000cc3ea00000,0x000000cc3eb00000)]


Current CompileTask:
C2:16818 7248       4       java.util.Arrays::sort (47 bytes)

Stack: [0x000000cc3ea00000,0x000000cc3eb00000]
Native frames: (J=compiled Java code, j=interpreted, Vv=VM code, C=native code)
V  [jvm.dll+0x683fb9]
V  [jvm.dll+0x83a1b5]
V  [jvm.dll+0x83bc2e]
V  [jvm.dll+0x83c2b3]
V  [jvm.dll+0x248eff]
V  [jvm.dll+0xad496]
V  [jvm.dll+0xadb3c]
V  [jvm.dll+0x3689ef]
V  [jvm.dll+0x332fa5]
V  [jvm.dll+0x33240a]
V  [jvm.dll+0x219db9]
V  [jvm.dll+0x219200]
V  [jvm.dll+0x1a4920]
V  [jvm.dll+0x22989a]
V  [jvm.dll+0x227a4b]
V  [jvm.dll+0x7effb8]
V  [jvm.dll+0x7ea44c]
V  [jvm.dll+0x682e87]
C  [ucrtbase.dll+0x37b0]
C  [KERNEL32.DLL+0x2e8d7]
C  [ntdll.dll+0x8c53c]


---------------  P R O C E S S  ---------------

Threads class SMR info:
_java_thread_list=0x00000247ea2e91b0, length=17, elements={
0x000002478618b170, 0x00000247a169fe40, 0x00000247a16a0800, 0x00000247a16bbbb0,
0x00000247a16bc570, 0x00000247a16bcf30, 0x00000247a16bd8f0, 0x00000247a16c06a0,
0x00000247a16c3160, 0x00000247a16c3b60, 0x00000247a173e9a0, 0x00000247a19fbbb0,
0x00000247a1a03120, 0x00000247e8170010, 0x00000247e86a8ae0, 0x00000247e86a75a0,
0x00000247e86a9030
}

Java Threads: ( => current thread )
  0x000002478618b170 JavaThread "main" [_thread_in_vm, id=28260, stack(0x000000cc3d600000,0x000000cc3d700000)]
  0x00000247a169fe40 JavaThread "Reference Handler" daemon [_thread_blocked, id=15472, stack(0x000000cc3dd00000,0x000000cc3de00000)]
  0x00000247a16a0800 JavaThread "Finalizer" daemon [_thread_blocked, id=34480, stack(0x000000cc3de00000,0x000000cc3df00000)]
  0x00000247a16bbbb0 JavaThread "Signal Dispatcher" daemon [_thread_blocked, id=6356, stack(0x000000cc3df00000,0x000000cc3e000000)]
  0x00000247a16bc570 JavaThread "Attach Listener" daemon [_thread_blocked, id=30216, stack(0x000000cc3e000000,0x000000cc3e100000)]
  0x00000247a16bcf30 JavaThread "Service Thread" daemon [_thread_blocked, id=16000, stack(0x000000cc3e100000,0x000000cc3e200000)]
  0x00000247a16bd8f0 JavaThread "Monitor Deflation Thread" daemon [_thread_blocked, id=21340, stack(0x000000cc3e200000,0x000000cc3e300000)]
  0x00000247a16c06a0 JavaThread "C2 CompilerThread0" daemon [_thread_in_native, id=19400, stack(0x000000cc3e300000,0x000000cc3e400000)]
  0x00000247a16c3160 JavaThread "C1 CompilerThread0" daemon [_thread_blocked, id=13104, stack(0x000000cc3e400000,0x000000cc3e500000)]
  0x00000247a16c3b60 JavaThread "Sweeper thread" daemon [_thread_blocked, id=32968, stack(0x000000cc3e500000,0x000000cc3e600000)]
  0x00000247a173e9a0 JavaThread "C1 CompilerThread1" daemon [_thread_blocked, id=30284, stack(0x000000cc3e600000,0x000000cc3e700000)]
  0x00000247a19fbbb0 JavaThread "Notification Thread" daemon [_thread_blocked, id=8600, stack(0x000000cc3e700000,0x000000cc3e800000)]
  0x00000247a1a03120 JavaThread "Common-Cleaner" daemon [_thread_blocked, id=24108, stack(0x000000cc3e900000,0x000000cc3ea00000)]
  0x00000247e8170010 JavaThread "Thread-1" daemon [_thread_blocked, id=30076, stack(0x000000cc3f500000,0x000000cc3f600000)]
  0x00000247e86a8ae0 JavaThread "C2 CompilerThread1" daemon [_thread_in_native, id=3332, stack(0x000000cc3f400000,0x000000cc3f500000)]
=>0x00000247e86a75a0 JavaThread "C2 CompilerThread2" daemon [_thread_in_native, id=35820, stack(0x000000cc3ea00000,0x000000cc3eb00000)]
  0x00000247e86a9030 JavaThread "C2 CompilerThread3" daemon [_thread_in_native, id=28520, stack(0x000000cc3eb00000,0x000000cc3ec00000)]

Other Threads:
  0x00000247a169ba00 VMThread "VM Thread" [stack: 0x000000cc3dc00000,0x000000cc3dd00000] [id=19060]
  0x00000247a19fe4a0 WatcherThread [stack: 0x000000cc3e800000,0x000000cc3e900000] [id=13656]
  0x00000247861b9810 GCTaskThread "GC Thread#0" [stack: 0x000000cc3d700000,0x000000cc3d800000] [id=33796]
  0x00000247a1a7a000 GCTaskThread "GC Thread#1" [stack: 0x000000cc3ee00000,0x000000cc3ef00000] [id=35140]
  0x00000247e8001290 GCTaskThread "GC Thread#2" [stack: 0x000000cc3ef00000,0x000000cc3f000000] [id=33512]
  0x00000247e81a42b0 GCTaskThread "GC Thread#3" [stack: 0x000000cc3f000000,0x000000cc3f100000] [id=11152]
  0x00000247e7547340 GCTaskThread "GC Thread#4" [stack: 0x000000cc3f100000,0x000000cc3f200000] [id=33136]
  0x00000247e8210090 GCTaskThread "GC Thread#5" [stack: 0x000000cc3f200000,0x000000cc3f300000] [id=29420]
  0x00000247e8210350 GCTaskThread "GC Thread#6" [stack: 0x000000cc3f300000,0x000000cc3f400000] [id=24680]
  0x00000247e8777c30 GCTaskThread "GC Thread#7" [stack: 0x000000cc3ec00000,0x000000cc3ed00000] [id=8748]
  0x00000247e8642c70 GCTaskThread "GC Thread#8" [stack: 0x000000cc3ed00000,0x000000cc3ee00000] [id=14160]
  0x00000247e70f2b40 GCTaskThread "GC Thread#9" [stack: 0x000000cc3f700000,0x000000cc3f800000] [id=9584]
  0x00000247e7c1bc30 GCTaskThread "GC Thread#10" [stack: 0x000000cc3f800000,0x000000cc3f900000] [id=11268]
  0x00000247e70e7d10 GCTaskThread "GC Thread#11" [stack: 0x000000cc3f900000,0x000000cc3fa00000] [id=15340]
  0x00000247e7dcb5e0 GCTaskThread "GC Thread#12" [stack: 0x000000cc3fa00000,0x000000cc3fb00000] [id=34616]
  0x00000247861be760 ConcurrentGCThread "G1 Main Marker" [stack: 0x000000cc3d800000,0x000000cc3d900000] [id=13528]
  0x00000247861bfe50 ConcurrentGCThread "G1 Conc#0" [stack: 0x000000cc3d900000,0x000000cc3da00000] [id=17216]
  0x00000247e7dcb060 ConcurrentGCThread "G1 Conc#1" [stack: 0x000000cc3f600000,0x000000cc3f700000] [id=20372]
  0x00000247e7dcc660 ConcurrentGCThread "G1 Conc#2" [stack: 0x000000cc3fb00000,0x000000cc3fc00000] [id=22432]
  0x00000247a15630c0 ConcurrentGCThread "G1 Refine#0" [stack: 0x000000cc3da00000,0x000000cc3db00000] [id=24452]
  0x00000247a1563890 ConcurrentGCThread "G1 Service" [stack: 0x000000cc3db00000,0x000000cc3dc00000] [id=14624]

Threads with active compile tasks:
C2 CompilerThread0  16855 7247       4       java.util.stream.SortedOps$SizedRefSortingSink::end (129 bytes)
C2 CompilerThread1  16855 7244   !   4       com.google.inject.spi.InjectionPoint::getInjectionPoints (491 bytes)
C2 CompilerThread2  16855 7248       4       java.util.Arrays::sort (47 bytes)
C2 CompilerThread3  16855 7367       4       java.lang.invoke.MethodType::makeImpl (109 bytes)

VM state: not at safepoint (normal execution)

VM Mutex/Monitor currently owned by a thread: None

Heap address: 0x00000000e0000000, size: 512 MB, Compressed Oops mode: 32-bit

CDS archive(s) mapped at: [0x00000247a2000000-0x00000247a2bb0000-0x00000247a2bb0000), size 12255232, SharedBaseAddress: 0x00000247a2000000, ArchiveRelocationMode: 1.
Compressed class space mapped at: 0x00000247a3000000-0x00000247e3000000, reserved size: 1073741824
Narrow klass base: 0x00000247a2000000, Narrow klass shift: 0, Narrow klass range: 0x100000000

GC Precious Log:
 CPUs: 16 total, 16 available
 Memory: 7514M
 Large Page Support: Disabled
 NUMA Support: Disabled
 Compressed Oops: Enabled (32-bit)
 Heap Region Size: 1M
 Heap Min Capacity: 8M
 Heap Initial Capacity: 118M
 Heap Max Capacity: 512M
 Pre-touch: Disabled
 Parallel Workers: 13
 Concurrent Workers: 3
 Concurrent Refinement Workers: 13
 Periodic GC: Disabled

Heap:
 garbage-first heap   total 171008K, used 66545K [0x00000000e0000000, 0x0000000100000000)
  region size 1024K, 19 young (19456K), 4 survivors (4096K)
 Metaspace       used 30653K, committed 31040K, reserved 1114112K
  class space    used 3552K, committed 3776K, reserved 1048576K

Heap Regions: E=young(eden), S=young(survivor), O=old, HS=humongous(starts), HC=humongous(continues), CS=collection set, F=free, OA=open archive, CA=closed archive, TAMS=top-at-mark-start (previous, next)
|   0|0x00000000e0000000, 0x00000000e0100000, 0x00000000e0100000|100%| O|  |TAMS 0x00000000e0100000, 0x00000000e0000000| Untracked 
|   1|0x00000000e0100000, 0x00000000e0200000, 0x00000000e0200000|100%| O|  |TAMS 0x00000000e0200000, 0x00000000e0100000| Untracked 
|   2|0x00000000e0200000, 0x00000000e0300000, 0x00000000e0300000|100%| O|  |TAMS 0x00000000e0300000, 0x00000000e0200000| Untracked 
|   3|0x00000000e0300000, 0x00000000e0400000, 0x00000000e0400000|100%| O|  |TAMS 0x00000000e0400000, 0x00000000e0300000| Untracked 
|   4|0x00000000e0400000, 0x00000000e0500000, 0x00000000e0500000|100%| O|  |TAMS 0x00000000e0500000, 0x00000000e0400000| Untracked 
|   5|0x00000000e0500000, 0x00000000e0600000, 0x00000000e0600000|100%| O|  |TAMS 0x00000000e0600000, 0x00000000e0500000| Untracked 
|   6|0x00000000e0600000, 0x00000000e0700000, 0x00000000e0700000|100%| O|  |TAMS 0x00000000e0700000, 0x00000000e0600000| Untracked 
|   7|0x00000000e0700000, 0x00000000e0800000, 0x00000000e0800000|100%| O|  |TAMS 0x00000000e0800000, 0x00000000e0700000| Untracked 
|   8|0x00000000e0800000, 0x00000000e0900000, 0x00000000e0900000|100%| O|  |TAMS 0x00000000e0900000, 0x00000000e0800000| Untracked 
|   9|0x00000000e0900000, 0x00000000e0a00000, 0x00000000e0a00000|100%| O|  |TAMS 0x00000000e0a00000, 0x00000000e0900000| Untracked 
|  10|0x00000000e0a00000, 0x00000000e0b00000, 0x00000000e0b00000|100%| O|  |TAMS 0x00000000e0b00000, 0x00000000e0a00000| Untracked 
|  11|0x00000000e0b00000, 0x00000000e0c00000, 0x00000000e0c00000|100%|HS|  |TAMS 0x00000000e0b00000, 0x00000000e0b00000| Complete 
|  12|0x00000000e0c00000, 0x00000000e0d00000, 0x00000000e0d00000|100%| O|  |TAMS 0x00000000e0d00000, 0x00000000e0c00000| Untracked 
|  13|0x00000000e0d00000, 0x00000000e0e00000, 0x00000000e0e00000|100%|HS|  |TAMS 0x00000000e0d00000, 0x00000000e0d00000| Complete 
|  14|0x00000000e0e00000, 0x00000000e0f00000, 0x00000000e0f00000|100%| O|  |TAMS 0x00000000e0f00000, 0x00000000e0e00000| Untracked 
|  15|0x00000000e0f00000, 0x00000000e0f00000, 0x00000000e1000000|  0%| F|  |TAMS 0x00000000e0f00000, 0x00000000e0f00000| Untracked 
|  16|0x00000000e1000000, 0x00000000e1100000, 0x00000000e1100000|100%|HS|  |TAMS 0x00000000e1100000, 0x00000000e1000000| Complete 
|  17|0x00000000e1100000, 0x00000000e1200000, 0x00000000e1200000|100%| O|  |TAMS 0x00000000e1200000, 0x00000000e1100000| Untracked 
|  18|0x00000000e1200000, 0x00000000e1200000, 0x00000000e1300000|  0%| F|  |TAMS 0x00000000e1200000, 0x00000000e1200000| Untracked 
|  19|0x00000000e1300000, 0x00000000e1400000, 0x00000000e1400000|100%| O|  |TAMS 0x00000000e1300000, 0x00000000e1300000| Untracked 
|  20|0x00000000e1400000, 0x00000000e1500000, 0x00000000e1500000|100%| O|  |TAMS 0x00000000e1400000, 0x00000000e1400000| Untracked 
|  21|0x00000000e1500000, 0x00000000e1600000, 0x00000000e1600000|100%| O|  |TAMS 0x00000000e1500000, 0x00000000e1500000| Untracked 
|  22|0x00000000e1600000, 0x00000000e1700000, 0x00000000e1700000|100%| O|  |TAMS 0x00000000e1600000, 0x00000000e1600000| Untracked 
|  23|0x00000000e1700000, 0x00000000e1800000, 0x00000000e1800000|100%| O|  |TAMS 0x00000000e1800000, 0x00000000e1700000| Untracked 
|  24|0x00000000e1800000, 0x00000000e1900000, 0x00000000e1900000|100%| O|  |TAMS 0x00000000e1800000, 0x00000000e1800000| Untracked 
|  25|0x00000000e1900000, 0x00000000e1a00000, 0x00000000e1a00000|100%| O|  |TAMS 0x00000000e1900000, 0x00000000e1900000| Untracked 
|  26|0x00000000e1a00000, 0x00000000e1b00000, 0x00000000e1b00000|100%| O|  |TAMS 0x00000000e1b00000, 0x00000000e1a00000| Untracked 
|  27|0x00000000e1b00000, 0x00000000e1c00000, 0x00000000e1c00000|100%| O|  |TAMS 0x00000000e1c00000, 0x00000000e1b00000| Untracked 
|  28|0x00000000e1c00000, 0x00000000e1d00000, 0x00000000e1d00000|100%| O|  |TAMS 0x00000000e1d00000, 0x00000000e1c00000| Untracked 
|  29|0x00000000e1d00000, 0x00000000e1e00000, 0x00000000e1e00000|100%| O|  |TAMS 0x00000000e1e00000, 0x00000000e1d00000| Untracked 
|  30|0x00000000e1e00000, 0x00000000e1e00000, 0x00000000e1f00000|  0%| F|  |TAMS 0x00000000e1e00000, 0x00000000e1e00000| Untracked 
|  31|0x00000000e1f00000, 0x00000000e2000000, 0x00000000e2000000|100%| O|  |TAMS 0x00000000e1f00000, 0x00000000e1f00000| Untracked 
|  32|0x00000000e2000000, 0x00000000e2100000, 0x00000000e2100000|100%|HS|  |TAMS 0x00000000e2100000, 0x00000000e2000000| Complete 
|  33|0x00000000e2100000, 0x00000000e2200000, 0x00000000e2200000|100%|HC|  |TAMS 0x00000000e2200000, 0x00000000e2100000| Complete 
|  34|0x00000000e2200000, 0x00000000e2200000, 0x00000000e2300000|  0%| F|  |TAMS 0x00000000e2200000, 0x00000000e2200000| Untracked 
|  35|0x00000000e2300000, 0x00000000e2300000, 0x00000000e2400000|  0%| F|  |TAMS 0x00000000e2300000, 0x00000000e2300000| Untracked 
|  36|0x00000000e2400000, 0x00000000e2500000, 0x00000000e2500000|100%| O|  |TAMS 0x00000000e2500000, 0x00000000e2400000| Untracked 
|  37|0x00000000e2500000, 0x00000000e2500000, 0x00000000e2600000|  0%| F|  |TAMS 0x00000000e2500000, 0x00000000e2500000| Untracked 
|  38|0x00000000e2600000, 0x00000000e2600000, 0x00000000e2700000|  0%| F|  |TAMS 0x00000000e2600000, 0x00000000e2600000| Untracked 
|  39|0x00000000e2700000, 0x00000000e276be00, 0x00000000e2800000| 42%| O|  |TAMS 0x00000000e2700000, 0x00000000e2700000| Untracked 
|  40|0x00000000e2800000, 0x00000000e2800000, 0x00000000e2900000|  0%| F|  |TAMS 0x00000000e2800000, 0x00000000e2800000| Untracked 
|  41|0x00000000e2900000, 0x00000000e2a00000, 0x00000000e2a00000|100%| O|  |TAMS 0x00000000e2a00000, 0x00000000e2900000| Untracked 
|  42|0x00000000e2a00000, 0x00000000e2b00000, 0x00000000e2b00000|100%| O|  |TAMS 0x00000000e2b00000, 0x00000000e2a00000| Untracked 
|  43|0x00000000e2b00000, 0x00000000e2c00000, 0x00000000e2c00000|100%| O|  |TAMS 0x00000000e2c00000, 0x00000000e2b00000| Untracked 
|  44|0x00000000e2c00000, 0x00000000e2d00000, 0x00000000e2d00000|100%| O|  |TAMS 0x00000000e2d00000, 0x00000000e2c00000| Untracked 
|  45|0x00000000e2d00000, 0x00000000e2e00000, 0x00000000e2e00000|100%| O|  |TAMS 0x00000000e2e00000, 0x00000000e2d00000| Untracked 
|  46|0x00000000e2e00000, 0x00000000e2f00000, 0x00000000e2f00000|100%| O|  |TAMS 0x00000000e2f00000, 0x00000000e2e00000| Untracked 
|  47|0x00000000e2f00000, 0x00000000e3000000, 0x00000000e3000000|100%| O|  |TAMS 0x00000000e3000000, 0x00000000e2f00000| Untracked 
|  48|0x00000000e3000000, 0x00000000e3100000, 0x00000000e3100000|100%| O|  |TAMS 0x00000000e3100000, 0x00000000e3000000| Untracked 
|  49|0x00000000e3100000, 0x00000000e3200000, 0x00000000e3200000|100%| O|  |TAMS 0x00000000e3200000, 0x00000000e3100000| Untracked 
|  50|0x00000000e3200000, 0x00000000e3300000, 0x00000000e3300000|100%| O|  |TAMS 0x00000000e3300000, 0x00000000e3200000| Untracked 
|  51|0x00000000e3300000, 0x00000000e3400000, 0x00000000e3400000|100%| O|  |TAMS 0x00000000e3400000, 0x00000000e3300000| Untracked 
|  52|0x00000000e3400000, 0x00000000e3500000, 0x00000000e3500000|100%| O|  |TAMS 0x00000000e3500000, 0x00000000e3400000| Untracked 
|  53|0x00000000e3500000, 0x00000000e3600000, 0x00000000e3600000|100%| O|  |TAMS 0x00000000e3600000, 0x00000000e3500000| Untracked 
|  54|0x00000000e3600000, 0x00000000e3700000, 0x00000000e3700000|100%| O|  |TAMS 0x00000000e3700000, 0x00000000e3600000| Untracked 
|  55|0x00000000e3700000, 0x00000000e3700000, 0x00000000e3800000|  0%| F|  |TAMS 0x00000000e3700000, 0x00000000e3700000| Untracked 
|  56|0x00000000e3800000, 0x00000000e3800000, 0x00000000e3900000|  0%| F|  |TAMS 0x00000000e3800000, 0x00000000e3800000| Untracked 
|  57|0x00000000e3900000, 0x00000000e3900000, 0x00000000e3a00000|  0%| F|  |TAMS 0x00000000e3900000, 0x00000000e3900000| Untracked 
|  58|0x00000000e3a00000, 0x00000000e3a00000, 0x00000000e3b00000|  0%| F|  |TAMS 0x00000000e3a00000, 0x00000000e3a00000| Untracked 
|  59|0x00000000e3b00000, 0x00000000e3b00000, 0x00000000e3c00000|  0%| F|  |TAMS 0x00000000e3b00000, 0x00000000e3b00000| Untracked 
|  60|0x00000000e3c00000, 0x00000000e3c00000, 0x00000000e3d00000|  0%| F|  |TAMS 0x00000000e3c00000, 0x00000000e3c00000| Untracked 
|  61|0x00000000e3d00000, 0x00000000e3d00000, 0x00000000e3e00000|  0%| F|  |TAMS 0x00000000e3d00000, 0x00000000e3d00000| Untracked 
|  62|0x00000000e3e00000, 0x00000000e3e00000, 0x00000000e3f00000|  0%| F|  |TAMS 0x00000000e3e00000, 0x00000000e3e00000| Untracked 
|  63|0x00000000e3f00000, 0x00000000e3f00000, 0x00000000e4000000|  0%| F|  |TAMS 0x00000000e3f00000, 0x00000000e3f00000| Untracked 
|  64|0x00000000e4000000, 0x00000000e4000000, 0x00000000e4100000|  0%| F|  |TAMS 0x00000000e4000000, 0x00000000e4000000| Untracked 
|  65|0x00000000e4100000, 0x00000000e4100000, 0x00000000e4200000|  0%| F|  |TAMS 0x00000000e4100000, 0x00000000e4100000| Untracked 
|  66|0x00000000e4200000, 0x00000000e4200000, 0x00000000e4300000|  0%| F|  |TAMS 0x00000000e4200000, 0x00000000e4200000| Untracked 
|  67|0x00000000e4300000, 0x00000000e4300000, 0x00000000e4400000|  0%| F|  |TAMS 0x00000000e4300000, 0x00000000e4300000| Untracked 
|  68|0x00000000e4400000, 0x00000000e4400000, 0x00000000e4500000|  0%| F|  |TAMS 0x00000000e4400000, 0x00000000e4400000| Untracked 
|  69|0x00000000e4500000, 0x00000000e4500000, 0x00000000e4600000|  0%| F|  |TAMS 0x00000000e4500000, 0x00000000e4500000| Untracked 
|  70|0x00000000e4600000, 0x00000000e4600000, 0x00000000e4700000|  0%| F|  |TAMS 0x00000000e4600000, 0x00000000e4600000| Untracked 
|  71|0x00000000e4700000, 0x00000000e4700000, 0x00000000e4800000|  0%| F|  |TAMS 0x00000000e4700000, 0x00000000e4700000| Untracked 
|  72|0x00000000e4800000, 0x00000000e4800000, 0x00000000e4900000|  0%| F|  |TAMS 0x00000000e4800000, 0x00000000e4800000| Untracked 
|  73|0x00000000e4900000, 0x00000000e4900000, 0x00000000e4a00000|  0%| F|  |TAMS 0x00000000e4900000, 0x00000000e4900000| Untracked 
|  74|0x00000000e4a00000, 0x00000000e4a00000, 0x00000000e4b00000|  0%| F|  |TAMS 0x00000000e4a00000, 0x00000000e4a00000| Untracked 
|  75|0x00000000e4b00000, 0x00000000e4b00000, 0x00000000e4c00000|  0%| F|  |TAMS 0x00000000e4b00000, 0x00000000e4b00000| Untracked 
|  76|0x00000000e4c00000, 0x00000000e4c00000, 0x00000000e4d00000|  0%| F|  |TAMS 0x00000000e4c00000, 0x00000000e4c00000| Untracked 
|  77|0x00000000e4d00000, 0x00000000e4d00000, 0x00000000e4e00000|  0%| F|  |TAMS 0x00000000e4d00000, 0x00000000e4d00000| Untracked 
|  78|0x00000000e4e00000, 0x00000000e4e00000, 0x00000000e4f00000|  0%| F|  |TAMS 0x00000000e4e00000, 0x00000000e4e00000| Untracked 
|  79|0x00000000e4f00000, 0x00000000e4f00000, 0x00000000e5000000|  0%| F|  |TAMS 0x00000000e4f00000, 0x00000000e4f00000| Untracked 
|  80|0x00000000e5000000, 0x00000000e5000000, 0x00000000e5100000|  0%| F|  |TAMS 0x00000000e5000000, 0x00000000e5000000| Untracked 
|  81|0x00000000e5100000, 0x00000000e5100000, 0x00000000e5200000|  0%| F|  |TAMS 0x00000000e5100000, 0x00000000e5100000| Untracked 
|  82|0x00000000e5200000, 0x00000000e5200000, 0x00000000e5300000|  0%| F|  |TAMS 0x00000000e5200000, 0x00000000e5200000| Untracked 
|  83|0x00000000e5300000, 0x00000000e5300000, 0x00000000e5400000|  0%| F|  |TAMS 0x00000000e5300000, 0x00000000e5300000| Untracked 
|  84|0x00000000e5400000, 0x00000000e5400000, 0x00000000e5500000|  0%| F|  |TAMS 0x00000000e5400000, 0x00000000e5400000| Untracked 
|  85|0x00000000e5500000, 0x00000000e5500000, 0x00000000e5600000|  0%| F|  |TAMS 0x00000000e5500000, 0x00000000e5500000| Untracked 
|  86|0x00000000e5600000, 0x00000000e5600000, 0x00000000e5700000|  0%| F|  |TAMS 0x00000000e5600000, 0x00000000e5600000| Untracked 
|  87|0x00000000e5700000, 0x00000000e5700000, 0x00000000e5800000|  0%| F|  |TAMS 0x00000000e5700000, 0x00000000e5700000| Untracked 
|  88|0x00000000e5800000, 0x00000000e5800000, 0x00000000e5900000|  0%| F|  |TAMS 0x00000000e5800000, 0x00000000e5800000| Untracked 
|  89|0x00000000e5900000, 0x00000000e5900000, 0x00000000e5a00000|  0%| F|  |TAMS 0x00000000e5900000, 0x00000000e5900000| Untracked 
|  90|0x00000000e5a00000, 0x00000000e5a00000, 0x00000000e5b00000|  0%| F|  |TAMS 0x00000000e5a00000, 0x00000000e5a00000| Untracked 
|  91|0x00000000e5b00000, 0x00000000e5b00000, 0x00000000e5c00000|  0%| F|  |TAMS 0x00000000e5b00000, 0x00000000e5b00000| Untracked 
|  92|0x00000000e5c00000, 0x00000000e5c00000, 0x00000000e5d00000|  0%| F|  |TAMS 0x00000000e5c00000, 0x00000000e5c00000| Untracked 
|  93|0x00000000e5d00000, 0x00000000e5d00000, 0x00000000e5e00000|  0%| F|  |TAMS 0x00000000e5d00000, 0x00000000e5d00000| Untracked 
|  94|0x00000000e5e00000, 0x00000000e5e00000, 0x00000000e5f00000|  0%| F|  |TAMS 0x00000000e5e00000, 0x00000000e5e00000| Untracked 
|  95|0x00000000e5f00000, 0x00000000e5f00000, 0x00000000e6000000|  0%| F|  |TAMS 0x00000000e5f00000, 0x00000000e5f00000| Untracked 
|  96|0x00000000e6000000, 0x00000000e6000000, 0x00000000e6100000|  0%| F|  |TAMS 0x00000000e6000000, 0x00000000e6000000| Untracked 
|  97|0x00000000e6100000, 0x00000000e6100000, 0x00000000e6200000|  0%| F|  |TAMS 0x00000000e6100000, 0x00000000e6100000| Untracked 
|  98|0x00000000e6200000, 0x00000000e6200000, 0x00000000e6300000|  0%| F|  |TAMS 0x00000000e6200000, 0x00000000e6200000| Untracked 
|  99|0x00000000e6300000, 0x00000000e6300000, 0x00000000e6400000|  0%| F|  |TAMS 0x00000000e6300000, 0x00000000e6300000| Untracked 
| 100|0x00000000e6400000, 0x00000000e6400000, 0x00000000e6500000|  0%| F|  |TAMS 0x00000000e6400000, 0x00000000e6400000| Untracked 
| 101|0x00000000e6500000, 0x00000000e6500000, 0x00000000e6600000|  0%| F|  |TAMS 0x00000000e6500000, 0x00000000e6500000| Untracked 
| 102|0x00000000e6600000, 0x00000000e6600000, 0x00000000e6700000|  0%| F|  |TAMS 0x00000000e6600000, 0x00000000e6600000| Untracked 
| 103|0x00000000e6700000, 0x00000000e6700000, 0x00000000e6800000|  0%| F|  |TAMS 0x00000000e6700000, 0x00000000e6700000| Untracked 
| 104|0x00000000e6800000, 0x00000000e6800000, 0x00000000e6900000|  0%| F|  |TAMS 0x00000000e6800000, 0x00000000e6800000| Untracked 
| 105|0x00000000e6900000, 0x00000000e6900000, 0x00000000e6a00000|  0%| F|  |TAMS 0x00000000e6900000, 0x00000000e6900000| Untracked 
| 106|0x00000000e6a00000, 0x00000000e6a00000, 0x00000000e6b00000|  0%| F|  |TAMS 0x00000000e6a00000, 0x00000000e6a00000| Untracked 
| 107|0x00000000e6b00000, 0x00000000e6b00000, 0x00000000e6c00000|  0%| F|  |TAMS 0x00000000e6b00000, 0x00000000e6b00000| Untracked 
| 108|0x00000000e6c00000, 0x00000000e6c00000, 0x00000000e6d00000|  0%| F|  |TAMS 0x00000000e6c00000, 0x00000000e6c00000| Untracked 
| 109|0x00000000e6d00000, 0x00000000e6d00000, 0x00000000e6e00000|  0%| F|  |TAMS 0x00000000e6d00000, 0x00000000e6d00000| Untracked 
| 110|0x00000000e6e00000, 0x00000000e6e00000, 0x00000000e6f00000|  0%| F|  |TAMS 0x00000000e6e00000, 0x00000000e6e00000| Untracked 
| 111|0x00000000e6f00000, 0x00000000e6f00000, 0x00000000e7000000|  0%| F|  |TAMS 0x00000000e6f00000, 0x00000000e6f00000| Untracked 
| 112|0x00000000e7000000, 0x00000000e7000000, 0x00000000e7100000|  0%| F|  |TAMS 0x00000000e7000000, 0x00000000e7000000| Untracked 
| 113|0x00000000e7100000, 0x00000000e7100000, 0x00000000e7200000|  0%| F|  |TAMS 0x00000000e7100000, 0x00000000e7100000| Untracked 
| 114|0x00000000e7200000, 0x00000000e7200000, 0x00000000e7300000|  0%| F|  |TAMS 0x00000000e7200000, 0x00000000e7200000| Untracked 
| 115|0x00000000e7300000, 0x00000000e7300000, 0x00000000e7400000|  0%| F|  |TAMS 0x00000000e7300000, 0x00000000e7300000| Untracked 
| 116|0x00000000e7400000, 0x00000000e7400000, 0x00000000e7500000|  0%| F|  |TAMS 0x00000000e7400000, 0x00000000e7400000| Untracked 
| 117|0x00000000e7500000, 0x00000000e7500000, 0x00000000e7600000|  0%| F|  |TAMS 0x00000000e7500000, 0x00000000e7500000| Untracked 
| 118|0x00000000e7600000, 0x00000000e7600000, 0x00000000e7700000|  0%| F|  |TAMS 0x00000000e7600000, 0x00000000e7600000| Untracked 
| 119|0x00000000e7700000, 0x00000000e7790990, 0x00000000e7800000| 56%| S|CS|TAMS 0x00000000e7700000, 0x00000000e7700000| Complete 
| 120|0x00000000e7800000, 0x00000000e7900000, 0x00000000e7900000|100%| S|CS|TAMS 0x00000000e7800000, 0x00000000e7800000| Complete 
| 121|0x00000000e7900000, 0x00000000e7a00000, 0x00000000e7a00000|100%| S|CS|TAMS 0x00000000e7900000, 0x00000000e7900000| Complete 
| 122|0x00000000e7a00000, 0x00000000e7b00000, 0x00000000e7b00000|100%| S|CS|TAMS 0x00000000e7a00000, 0x00000000e7a00000| Complete 
| 123|0x00000000e7b00000, 0x00000000e7b00000, 0x00000000e7c00000|  0%| F|  |TAMS 0x00000000e7b00000, 0x00000000e7b00000| Untracked 
| 124|0x00000000e7c00000, 0x00000000e7c00000, 0x00000000e7d00000|  0%| F|  |TAMS 0x00000000e7c00000, 0x00000000e7c00000| Untracked 
| 125|0x00000000e7d00000, 0x00000000e7d00000, 0x00000000e7e00000|  0%| F|  |TAMS 0x00000000e7d00000, 0x00000000e7d00000| Untracked 
| 126|0x00000000e7e00000, 0x00000000e7e00000, 0x00000000e7f00000|  0%| F|  |TAMS 0x00000000e7e00000, 0x00000000e7e00000| Untracked 
| 127|0x00000000e7f00000, 0x00000000e7f00000, 0x00000000e8000000|  0%| F|  |TAMS 0x00000000e7f00000, 0x00000000e7f00000| Untracked 
| 128|0x00000000e8000000, 0x00000000e8000000, 0x00000000e8100000|  0%| F|  |TAMS 0x00000000e8000000, 0x00000000e8000000| Untracked 
| 129|0x00000000e8100000, 0x00000000e8100000, 0x00000000e8200000|  0%| F|  |TAMS 0x00000000e8100000, 0x00000000e8100000| Untracked 
| 130|0x00000000e8200000, 0x00000000e8200000, 0x00000000e8300000|  0%| F|  |TAMS 0x00000000e8200000, 0x00000000e8200000| Untracked 
| 131|0x00000000e8300000, 0x00000000e8300000, 0x00000000e8400000|  0%| F|  |TAMS 0x00000000e8300000, 0x00000000e8300000| Untracked 
| 132|0x00000000e8400000, 0x00000000e8400000, 0x00000000e8500000|  0%| F|  |TAMS 0x00000000e8400000, 0x00000000e8400000| Untracked 
| 133|0x00000000e8500000, 0x00000000e8500000, 0x00000000e8600000|  0%| F|  |TAMS 0x00000000e8500000, 0x00000000e8500000| Untracked 
| 134|0x00000000e8600000, 0x00000000e8600000, 0x00000000e8700000|  0%| F|  |TAMS 0x00000000e8600000, 0x00000000e8600000| Untracked 
| 135|0x00000000e8700000, 0x00000000e8700000, 0x00000000e8800000|  0%| F|  |TAMS 0x00000000e8700000, 0x00000000e8700000| Untracked 
| 136|0x00000000e8800000, 0x00000000e8800000, 0x00000000e8900000|  0%| F|  |TAMS 0x00000000e8800000, 0x00000000e8800000| Untracked 
| 137|0x00000000e8900000, 0x00000000e8900000, 0x00000000e8a00000|  0%| F|  |TAMS 0x00000000e8900000, 0x00000000e8900000| Untracked 
| 138|0x00000000e8a00000, 0x00000000e8a00000, 0x00000000e8b00000|  0%| F|  |TAMS 0x00000000e8a00000, 0x00000000e8a00000| Untracked 
| 139|0x00000000e8b00000, 0x00000000e8b00000, 0x00000000e8c00000|  0%| F|  |TAMS 0x00000000e8b00000, 0x00000000e8b00000| Untracked 
| 140|0x00000000e8c00000, 0x00000000e8c00000, 0x00000000e8d00000|  0%| F|  |TAMS 0x00000000e8c00000, 0x00000000e8c00000| Untracked 
| 141|0x00000000e8d00000, 0x00000000e8d00000, 0x00000000e8e00000|  0%| F|  |TAMS 0x00000000e8d00000, 0x00000000e8d00000| Untracked 
| 142|0x00000000e8e00000, 0x00000000e8e00000, 0x00000000e8f00000|  0%| F|  |TAMS 0x00000000e8e00000, 0x00000000e8e00000| Untracked 
| 143|0x00000000e8f00000, 0x00000000e8f00000, 0x00000000e9000000|  0%| F|  |TAMS 0x00000000e8f00000, 0x00000000e8f00000| Untracked 
| 144|0x00000000e9000000, 0x00000000e9000000, 0x00000000e9100000|  0%| F|  |TAMS 0x00000000e9000000, 0x00000000e9000000| Untracked 
| 145|0x00000000e9100000, 0x00000000e9100000, 0x00000000e9200000|  0%| F|  |TAMS 0x00000000e9100000, 0x00000000e9100000| Untracked 
| 146|0x00000000e9200000, 0x00000000e9200000, 0x00000000e9300000|  0%| F|  |TAMS 0x00000000e9200000, 0x00000000e9200000| Untracked 
| 147|0x00000000e9300000, 0x00000000e9300000, 0x00000000e9400000|  0%| F|  |TAMS 0x00000000e9300000, 0x00000000e9300000| Untracked 
| 148|0x00000000e9400000, 0x00000000e9400000, 0x00000000e9500000|  0%| F|  |TAMS 0x00000000e9400000, 0x00000000e9400000| Untracked 
| 149|0x00000000e9500000, 0x00000000e9500000, 0x00000000e9600000|  0%| F|  |TAMS 0x00000000e9500000, 0x00000000e9500000| Untracked 
| 150|0x00000000e9600000, 0x00000000e9600000, 0x00000000e9700000|  0%| F|  |TAMS 0x00000000e9600000, 0x00000000e9600000| Untracked 
| 151|0x00000000e9700000, 0x00000000e97d0380, 0x00000000e9800000| 81%| E|  |TAMS 0x00000000e9700000, 0x00000000e9700000| Complete 
| 152|0x00000000e9800000, 0x00000000e9900000, 0x00000000e9900000|100%| E|CS|TAMS 0x00000000e9800000, 0x00000000e9800000| Complete 
| 153|0x00000000e9900000, 0x00000000e9a00000, 0x00000000e9a00000|100%| E|CS|TAMS 0x00000000e9900000, 0x00000000e9900000| Complete 
| 154|0x00000000e9a00000, 0x00000000e9b00000, 0x00000000e9b00000|100%| E|CS|TAMS 0x00000000e9a00000, 0x00000000e9a00000| Complete 
| 155|0x00000000e9b00000, 0x00000000e9c00000, 0x00000000e9c00000|100%| E|CS|TAMS 0x00000000e9b00000, 0x00000000e9b00000| Complete 
| 156|0x00000000e9c00000, 0x00000000e9d00000, 0x00000000e9d00000|100%| E|CS|TAMS 0x00000000e9c00000, 0x00000000e9c00000| Complete 
| 157|0x00000000e9d00000, 0x00000000e9e00000, 0x00000000e9e00000|100%| E|CS|TAMS 0x00000000e9d00000, 0x00000000e9d00000| Complete 
| 158|0x00000000e9e00000, 0x00000000e9f00000, 0x00000000e9f00000|100%| E|CS|TAMS 0x00000000e9e00000, 0x00000000e9e00000| Complete 
| 159|0x00000000e9f00000, 0x00000000ea000000, 0x00000000ea000000|100%| E|CS|TAMS 0x00000000e9f00000, 0x00000000e9f00000| Complete 
| 160|0x00000000ea000000, 0x00000000ea100000, 0x00000000ea100000|100%| E|CS|TAMS 0x00000000ea000000, 0x00000000ea000000| Complete 
| 161|0x00000000ea100000, 0x00000000ea200000, 0x00000000ea200000|100%| E|CS|TAMS 0x00000000ea100000, 0x00000000ea100000| Complete 
| 507|0x00000000ffb00000, 0x00000000ffc00000, 0x00000000ffc00000|100%| O|  |TAMS 0x00000000ffc00000, 0x00000000ffb00000| Untracked 
| 508|0x00000000ffc00000, 0x00000000ffd00000, 0x00000000ffd00000|100%| E|CS|TAMS 0x00000000ffc00000, 0x00000000ffc00000| Complete 
| 509|0x00000000ffd00000, 0x00000000ffe00000, 0x00000000ffe00000|100%| E|CS|TAMS 0x00000000ffd00000, 0x00000000ffd00000| Complete 
| 510|0x00000000ffe00000, 0x00000000fff00000, 0x00000000fff00000|100%| E|CS|TAMS 0x00000000ffe00000, 0x00000000ffe00000| Complete 
| 511|0x00000000fff00000, 0x0000000100000000, 0x0000000100000000|100%| E|CS|TAMS 0x00000000fff00000, 0x00000000fff00000| Complete 

Card table byte_map: [0x000002479d570000,0x000002479d670000] _byte_map_base: 0x000002479ce70000

Marking Bits (Prev, Next): (CMBitMap*) 0x00000247861b9e70, (CMBitMap*) 0x00000247861b9e30
 Prev Bits: [0x000002479df70000, 0x000002479e770000)
 Next Bits: [0x000002479d770000, 0x000002479df70000)

Polling page: 0x0000024784010000

Metaspace:

Usage:
  Non-class:     26.47 MB used.
      Class:      3.47 MB used.
       Both:     29.94 MB used.

Virtual space:
  Non-class space:       64.00 MB reserved,      26.69 MB ( 42%) committed,  1 nodes.
      Class space:        1.00 GB reserved,       3.69 MB ( <1%) committed,  1 nodes.
             Both:        1.06 GB reserved,      30.38 MB (  3%) committed. 

Chunk freelists:
   Non-Class:  4.53 MB
       Class:  12.36 MB
        Both:  16.89 MB

MaxMetaspaceSize: unlimited
CompressedClassSpaceSize: 1.00 GB
Initial GC threshold: 21.00 MB
Current GC threshold: 45.88 MB
CDS: on
MetaspaceReclaimPolicy: balanced
 - commit_granule_bytes: 65536.
 - commit_granule_words: 8192.
 - virtual_space_node_default_size: 8388608.
 - enlarge_chunks_in_place: 1.
 - new_chunks_are_fully_committed: 0.
 - uncommit_free_chunks: 1.
 - use_allocation_guard: 0.
 - handle_deallocations: 1.


Internal statistics:

num_allocs_failed_limit: 3.
num_arena_births: 204.
num_arena_deaths: 0.
num_vsnodes_births: 2.
num_vsnodes_deaths: 0.
num_space_committed: 486.
num_space_uncommitted: 0.
num_chunks_returned_to_freelist: 3.
num_chunks_taken_from_freelist: 1315.
num_chunk_merges: 3.
num_chunk_splits: 925.
num_chunks_enlarged: 727.
num_inconsistent_stats: 0.

CodeHeap 'non-profiled nmethods': size=119168Kb used=3848Kb max_used=3848Kb free=115319Kb
 bounds [0x00000247958a0000, 0x0000024795c70000, 0x000002479cd00000]
CodeHeap 'profiled nmethods': size=119104Kb used=14133Kb max_used=14133Kb free=104970Kb
 bounds [0x000002478dd00000, 0x000002478ead0000, 0x0000024795150000]
CodeHeap 'non-nmethods': size=7488Kb used=1789Kb max_used=2958Kb free=5698Kb
 bounds [0x0000024795150000, 0x0000024795440000, 0x00000247958a0000]
 total_blobs=7082 nmethods=6552 adapters=441
 compilation: enabled
              stopped_count=0, restarted_count=0
 full_count=0

Compilation events (20 events):
Event: 15.771 Thread 0x00000247a173e9a0 7353       3       org.eclipse.sisu.inject.MildKeys::tempKey (10 bytes)
Event: 15.772 Thread 0x00000247a173e9a0 nmethod 7353 0x000002478eac3910 code [0x000002478eac3ae0, 0x000002478eac3f68]
Event: 15.772 Thread 0x00000247a16c3160 nmethod 7351 0x000002478eac1e10 code [0x000002478eac2140, 0x000002478eac3378]
Event: 15.781 Thread 0x00000247a16c3160 7354       3       org.codehaus.plexus.util.SelectorUtils::isDoubleStar (32 bytes)
Event: 15.781 Thread 0x00000247a16c3160 nmethod 7354 0x000002478eac4110 code [0x000002478eac42c0, 0x000002478eac44f8]
Event: 15.781 Thread 0x00000247a173e9a0 7355       1       org.codehaus.plexus.util.MatchPattern::getTokenizedPathChars (5 bytes)
Event: 15.781 Thread 0x00000247a173e9a0 nmethod 7355 0x0000024795c5e210 code [0x0000024795c5e3a0, 0x0000024795c5e478]
Event: 15.782 Thread 0x00000247a173e9a0 7356       3       org.codehaus.plexus.util.SelectorUtils::match (520 bytes)
Event: 15.783 Thread 0x00000247a16c3160 7358       3       org.codehaus.plexus.util.SelectorUtils::matchAntPathPattern (423 bytes)
Event: 15.786 Thread 0x00000247a173e9a0 nmethod 7356 0x000002478eac4610 code [0x000002478eac4920, 0x000002478eac5cd8]
Event: 15.786 Thread 0x00000247a173e9a0 7357       3       org.codehaus.plexus.util.MatchPattern::matchPath (26 bytes)
Event: 15.786 Thread 0x00000247a173e9a0 nmethod 7357 0x000002478eac6310 code [0x000002478eac6520, 0x000002478eac69b8]
Event: 15.787 Thread 0x00000247a16c3160 nmethod 7358 0x000002478eac6c10 code [0x000002478eac6f60, 0x000002478eac8928]
Event: 15.797 Thread 0x00000247a173e9a0 7360       1       java.lang.Long::longValue (5 bytes)
Event: 15.797 Thread 0x00000247a173e9a0 nmethod 7360 0x0000024795c5e510 code [0x0000024795c5e6a0, 0x0000024795c5e778]
Event: 15.798 Thread 0x00000247a173e9a0 7361       3       org.eclipse.sisu.inject.Implementations::adaptJsr250 (39 bytes)
Event: 15.799 Thread 0x00000247a173e9a0 nmethod 7361 0x000002478eac9190 code [0x000002478eac93c0, 0x000002478eac9b58]
Event: 15.799 Thread 0x00000247e86a9030 7359       4       java.util.regex.Pattern::peek (26 bytes)
Event: 15.800 Thread 0x00000247e86a9030 nmethod 7359 0x0000024795c5e810 code [0x0000024795c5e9a0, 0x0000024795c5ea98]
Event: 15.800 Thread 0x00000247e86a9030 7362       4       java.lang.String::lastIndexOf (10 bytes)

GC Heap History (20 events):
Event: 9.299 GC heap before
{Heap before GC invocations=4 (full 0):
 garbage-first heap   total 120832K, used 66135K [0x00000000e0000000, 0x0000000100000000)
  region size 1024K, 46 young (47104K), 4 survivors (4096K)
 Metaspace       used 21196K, committed 21504K, reserved 1114112K
  class space    used 2437K, committed 2624K, reserved 1048576K
}
Event: 9.310 GC heap after
{Heap after GC invocations=5 (full 0):
 garbage-first heap   total 120832K, used 25501K [0x00000000e0000000, 0x0000000100000000)
  region size 1024K, 8 young (8192K), 8 survivors (8192K)
 Metaspace       used 21196K, committed 21504K, reserved 1114112K
  class space    used 2437K, committed 2624K, reserved 1048576K
}
Event: 10.039 GC heap before
{Heap before GC invocations=6 (full 0):
 garbage-first heap   total 92160K, used 72605K [0x00000000e0000000, 0x0000000100000000)
  region size 1024K, 51 young (52224K), 8 survivors (8192K)
 Metaspace       used 25976K, committed 26240K, reserved 1114112K
  class space    used 2979K, committed 3136K, reserved 1048576K
}
Event: 10.067 GC heap after
{Heap after GC invocations=7 (full 0):
 garbage-first heap   total 97280K, used 40365K [0x00000000e0000000, 0x0000000100000000)
  region size 1024K, 7 young (7168K), 7 survivors (7168K)
 Metaspace       used 25976K, committed 26240K, reserved 1114112K
  class space    used 2979K, committed 3136K, reserved 1048576K
}
Event: 10.699 GC heap before
{Heap before GC invocations=7 (full 0):
 garbage-first heap   total 97280K, used 70061K [0x00000000e0000000, 0x0000000100000000)
  region size 1024K, 36 young (36864K), 7 survivors (7168K)
 Metaspace       used 27853K, committed 28096K, reserved 1114112K
  class space    used 3221K, committed 3328K, reserved 1048576K
}
Event: 10.714 GC heap after
{Heap after GC invocations=8 (full 0):
 garbage-first heap   total 97280K, used 39511K [0x00000000e0000000, 0x0000000100000000)
  region size 1024K, 5 young (5120K), 5 survivors (5120K)
 Metaspace       used 27853K, committed 28096K, reserved 1114112K
  class space    used 3221K, committed 3328K, reserved 1048576K
}
Event: 11.091 GC heap before
{Heap before GC invocations=8 (full 0):
 garbage-first heap   total 97280K, used 65111K [0x00000000e0000000, 0x0000000100000000)
  region size 1024K, 24 young (24576K), 5 survivors (5120K)
 Metaspace       used 27874K, committed 28160K, reserved 1114112K
  class space    used 3221K, committed 3328K, reserved 1048576K
}
Event: 11.105 GC heap after
{Heap after GC invocations=9 (full 0):
 garbage-first heap   total 97280K, used 50184K [0x00000000e0000000, 0x0000000100000000)
  region size 1024K, 5 young (5120K), 5 survivors (5120K)
 Metaspace       used 27874K, committed 28160K, reserved 1114112K
  class space    used 3221K, committed 3328K, reserved 1048576K
}
Event: 11.358 GC heap before
{Heap before GC invocations=10 (full 0):
 garbage-first heap   total 97280K, used 72712K [0x00000000e0000000, 0x0000000100000000)
  region size 1024K, 25 young (25600K), 5 survivors (5120K)
 Metaspace       used 27949K, committed 28224K, reserved 1114112K
  class space    used 3221K, committed 3328K, reserved 1048576K
}
Event: 11.370 GC heap after
{Heap after GC invocations=11 (full 0):
 garbage-first heap   total 97280K, used 58967K [0x00000000e0000000, 0x0000000100000000)
  region size 1024K, 4 young (4096K), 4 survivors (4096K)
 Metaspace       used 27949K, committed 28224K, reserved 1114112K
  class space    used 3221K, committed 3328K, reserved 1048576K
}
Event: 11.394 GC heap before
{Heap before GC invocations=11 (full 0):
 garbage-first heap   total 97280K, used 59991K [0x00000000e0000000, 0x0000000100000000)
  region size 1024K, 5 young (5120K), 4 survivors (4096K)
 Metaspace       used 27949K, committed 28224K, reserved 1114112K
  class space    used 3221K, committed 3328K, reserved 1048576K
}
Event: 11.401 GC heap after
{Heap after GC invocations=12 (full 0):
 garbage-first heap   total 97280K, used 55000K [0x00000000e0000000, 0x0000000100000000)
  region size 1024K, 1 young (1024K), 1 survivors (1024K)
 Metaspace       used 27949K, committed 28224K, reserved 1114112K
  class space    used 3221K, committed 3328K, reserved 1048576K
}
Event: 11.459 GC heap before
{Heap before GC invocations=12 (full 0):
 garbage-first heap   total 97280K, used 59096K [0x00000000e0000000, 0x0000000100000000)
  region size 1024K, 6 young (6144K), 1 survivors (1024K)
 Metaspace       used 27949K, committed 28224K, reserved 1114112K
  class space    used 3221K, committed 3328K, reserved 1048576K
}
Event: 11.461 GC heap after
{Heap after GC invocations=13 (full 0):
 garbage-first heap   total 97280K, used 55768K [0x00000000e0000000, 0x0000000100000000)
  region size 1024K, 2 young (2048K), 2 survivors (2048K)
 Metaspace       used 27949K, committed 28224K, reserved 1114112K
  class space    used 3221K, committed 3328K, reserved 1048576K
}
Event: 11.608 GC heap before
{Heap before GC invocations=14 (full 0):
 garbage-first heap   total 99328K, used 69080K [0x00000000e0000000, 0x0000000100000000)
  region size 1024K, 18 young (18432K), 2 survivors (2048K)
 Metaspace       used 27951K, committed 28224K, reserved 1114112K
  class space    used 3221K, committed 3328K, reserved 1048576K
}
Event: 11.614 GC heap after
{Heap after GC invocations=15 (full 0):
 garbage-first heap   total 99328K, used 58265K [0x00000000e0000000, 0x0000000100000000)
  region size 1024K, 3 young (3072K), 3 survivors (3072K)
 Metaspace       used 27951K, committed 28224K, reserved 1114112K
  class space    used 3221K, committed 3328K, reserved 1048576K
}
Event: 11.618 GC heap before
{Heap before GC invocations=15 (full 0):
 garbage-first heap   total 99328K, used 59289K [0x00000000e0000000, 0x0000000100000000)
  region size 1024K, 4 young (4096K), 3 survivors (3072K)
 Metaspace       used 27951K, committed 28224K, reserved 1114112K
  class space    used 3221K, committed 3328K, reserved 1048576K
}
Event: 11.624 GC heap after
{Heap after GC invocations=16 (full 0):
 garbage-first heap   total 171008K, used 52075K [0x00000000e0000000, 0x0000000100000000)
  region size 1024K, 1 young (1024K), 1 survivors (1024K)
 Metaspace       used 27951K, committed 28224K, reserved 1114112K
  class space    used 3221K, committed 3328K, reserved 1048576K
}
Event: 14.312 GC heap before
{Heap before GC invocations=16 (full 0):
 garbage-first heap   total 171008K, used 96107K [0x00000000e0000000, 0x0000000100000000)
  region size 1024K, 44 young (45056K), 1 survivors (1024K)
 Metaspace       used 28987K, committed 29376K, reserved 1114112K
  class space    used 3294K, committed 3456K, reserved 1048576K
}
Event: 14.317 GC heap after
{Heap after GC invocations=17 (full 0):
 garbage-first heap   total 171008K, used 52209K [0x00000000e0000000, 0x0000000100000000)
  region size 1024K, 4 young (4096K), 4 survivors (4096K)
 Metaspace       used 28987K, committed 29376K, reserved 1114112K
  class space    used 3294K, committed 3456K, reserved 1048576K
}

Dll operation events (8 events):
Event: 0.015 Loaded shared library C:\Program Files\Eclipse Adoptium\jdk-17.0.17.10-hotspot\bin\java.dll
Event: 0.035 Loaded shared library C:\Program Files\Eclipse Adoptium\jdk-17.0.17.10-hotspot\bin\jsvml.dll
Event: 0.068 Loaded shared library C:\Program Files\Eclipse Adoptium\jdk-17.0.17.10-hotspot\bin\net.dll
Event: 0.071 Loaded shared library C:\Program Files\Eclipse Adoptium\jdk-17.0.17.10-hotspot\bin\nio.dll
Event: 0.075 Loaded shared library C:\Program Files\Eclipse Adoptium\jdk-17.0.17.10-hotspot\bin\zip.dll
Event: 0.225 Loaded shared library C:\Program Files\Eclipse Adoptium\jdk-17.0.17.10-hotspot\bin\jimage.dll
Event: 0.227 Loaded shared library C:\ProgramData\chocolatey\lib\maven\apache-maven-3.9.9\lib\jansi-native\Windows\x86_64\jansi.dll
Event: 0.248 Loaded shared library C:\Program Files\Eclipse Adoptium\jdk-17.0.17.10-hotspot\bin\verify.dll

Deoptimization events (20 events):
Event: 12.357 Thread 0x000002478618b170 Uncommon trap: trap_request=0xffffffde fr.pc=0x00000247959b6cbc relative=0x000000000000007c
Event: 12.357 Thread 0x000002478618b170 Uncommon trap: reason=class_check action=maybe_recompile pc=0x00000247959b6cbc method=com.google.inject.internal.MoreTypes.getRawType(Ljava/lang/reflect/Type;)Ljava/lang/Class; @ 13 c2
Event: 12.357 Thread 0x000002478618b170 DEOPT PACKING pc=0x00000247959b6cbc sp=0x000000cc3d6fda10
Event: 12.357 Thread 0x000002478618b170 DEOPT UNPACKING pc=0x00000247951a69a3 sp=0x000000cc3d6fd9a0 mode 2
Event: 13.549 Thread 0x000002478618b170 Uncommon trap: trap_request=0xffffff6e fr.pc=0x0000024795c3a25c relative=0x000000000000013c
Event: 13.549 Thread 0x000002478618b170 Uncommon trap: reason=loop_limit_check action=maybe_recompile pc=0x0000024795c3a25c method=java.util.regex.Pattern$Start.match(Ljava/util/regex/Matcher;ILjava/lang/CharSequence;)Z @ 34 c2
Event: 13.549 Thread 0x000002478618b170 DEOPT PACKING pc=0x0000024795c3a25c sp=0x000000cc3d6fb720
Event: 13.549 Thread 0x000002478618b170 DEOPT UNPACKING pc=0x00000247951a69a3 sp=0x000000cc3d6fb6b0 mode 2
Event: 14.539 Thread 0x000002478618b170 Uncommon trap: trap_request=0xffffff45 fr.pc=0x0000024795926798 relative=0x00000000000000f8
Event: 14.539 Thread 0x000002478618b170 Uncommon trap: reason=unstable_if action=reinterpret pc=0x0000024795926798 method=java.lang.StringLatin1.lastIndexOf([BI[BII)I @ 86 c2
Event: 14.539 Thread 0x000002478618b170 DEOPT PACKING pc=0x0000024795926798 sp=0x000000cc3d6fcc00
Event: 14.539 Thread 0x000002478618b170 DEOPT UNPACKING pc=0x00000247951a69a3 sp=0x000000cc3d6fcb58 mode 2
Event: 15.796 Thread 0x000002478618b170 Uncommon trap: trap_request=0xffffff45 fr.pc=0x0000024795a1c878 relative=0x0000000000000058
Event: 15.796 Thread 0x000002478618b170 Uncommon trap: reason=unstable_if action=reinterpret pc=0x0000024795a1c878 method=java.util.regex.Pattern.has(I)Z @ 6 c2
Event: 15.796 Thread 0x000002478618b170 DEOPT PACKING pc=0x0000024795a1c878 sp=0x000000cc3d6fc100
Event: 15.796 Thread 0x000002478618b170 DEOPT UNPACKING pc=0x00000247951a69a3 sp=0x000000cc3d6fc090 mode 2
Event: 15.796 Thread 0x000002478618b170 Uncommon trap: trap_request=0xffffff45 fr.pc=0x0000024795c39260 relative=0x0000000000000b20
Event: 15.796 Thread 0x000002478618b170 Uncommon trap: reason=unstable_if action=reinterpret pc=0x0000024795c39260 method=java.util.regex.Pattern.single(I)Ljava/util/regex/Pattern$CharPredicate; @ 5 c2
Event: 15.796 Thread 0x000002478618b170 DEOPT PACKING pc=0x0000024795c39260 sp=0x000000cc3d6fc630
Event: 15.796 Thread 0x000002478618b170 DEOPT UNPACKING pc=0x00000247951a69a3 sp=0x000000cc3d6fc558 mode 2

Classes loaded (20 events):
Event: 12.375 Loading class java/util/concurrent/SynchronousQueue
Event: 12.376 Loading class java/util/concurrent/SynchronousQueue done
Event: 12.376 Loading class java/util/concurrent/SynchronousQueue$TransferStack
Event: 12.376 Loading class java/util/concurrent/SynchronousQueue$Transferer
Event: 12.376 Loading class java/util/concurrent/SynchronousQueue$Transferer done
Event: 12.376 Loading class java/util/concurrent/SynchronousQueue$TransferStack done
Event: 12.377 Loading class java/util/concurrent/SynchronousQueue$TransferStack$SNode
Event: 12.377 Loading class java/util/concurrent/SynchronousQueue$TransferStack$SNode done
Event: 14.628 Loading class java/util/zip/GZIPInputStream
Event: 14.628 Loading class java/util/zip/GZIPInputStream done
Event: 14.631 Loading class java/util/zip/ZipOutputStream
Event: 14.632 Loading class java/util/zip/ZipOutputStream done
Event: 14.647 Loading class java/util/zip/GZIPOutputStream
Event: 14.647 Loading class java/util/zip/GZIPOutputStream done
Event: 15.794 Loading class java/text/ParsePosition
Event: 15.794 Loading class java/text/ParsePosition done
Event: 15.794 Loading class java/time/format/DateTimeParseContext
Event: 15.795 Loading class java/time/format/DateTimeParseContext done
Event: 15.795 Loading class java/time/format/Parsed
Event: 15.795 Loading class java/time/format/Parsed done

Classes unloaded (0 events):
No events

Classes redefined (0 events):
No events

Internal exceptions (20 events):
Event: 11.774 Thread 0x000002478618b170 Exception <a 'sun/nio/fs/WindowsException'{0x00000000e9e93090}> (0x00000000e9e93090) 
thrown [s\src\hotspot\share\prims\jni.cpp, line 516]
Event: 11.774 Thread 0x000002478618b170 Exception <a 'sun/nio/fs/WindowsException'{0x00000000e9e9ec48}> (0x00000000e9e9ec48) 
thrown [s\src\hotspot\share\prims\jni.cpp, line 516]
Event: 11.775 Thread 0x000002478618b170 Exception <a 'sun/nio/fs/WindowsException'{0x00000000e9eb9670}> (0x00000000e9eb9670) 
thrown [s\src\hotspot\share\prims\jni.cpp, line 516]
Event: 11.775 Thread 0x000002478618b170 Exception <a 'sun/nio/fs/WindowsException'{0x00000000e9ebbdd0}> (0x00000000e9ebbdd0) 
thrown [s\src\hotspot\share\prims\jni.cpp, line 516]
Event: 11.775 Thread 0x000002478618b170 Exception <a 'sun/nio/fs/WindowsException'{0x00000000e9ebca08}> (0x00000000e9ebca08) 
thrown [s\src\hotspot\share\prims\jni.cpp, line 516]
Event: 11.776 Thread 0x000002478618b170 Exception <a 'sun/nio/fs/WindowsException'{0x00000000e9eca050}> (0x00000000e9eca050) 
thrown [s\src\hotspot\share\prims\jni.cpp, line 516]
Event: 11.776 Thread 0x000002478618b170 Exception <a 'sun/nio/fs/WindowsException'{0x00000000e9eedd78}> (0x00000000e9eedd78) 
thrown [s\src\hotspot\share\prims\jni.cpp, line 516]
Event: 11.778 Thread 0x000002478618b170 Exception <a 'sun/nio/fs/WindowsException'{0x00000000e9ef0b78}> (0x00000000e9ef0b78) 
thrown [s\src\hotspot\share\prims\jni.cpp, line 516]
Event: 11.778 Thread 0x000002478618b170 Exception <a 'sun/nio/fs/WindowsException'{0x00000000e9ef17d8}> (0x00000000e9ef17d8) 
thrown [s\src\hotspot\share\prims\jni.cpp, line 516]
Event: 11.778 Thread 0x000002478618b170 Exception <a 'sun/nio/fs/WindowsException'{0x00000000e9d013c8}> (0x00000000e9d013c8) 
thrown [s\src\hotspot\share\prims\jni.cpp, line 516]
Event: 11.779 Thread 0x000002478618b170 Exception <a 'sun/nio/fs/WindowsException'{0x00000000e9d2cc60}> (0x00000000e9d2cc60) 
thrown [s\src\hotspot\share\prims\jni.cpp, line 516]
Event: 11.792 Thread 0x000002478618b170 Exception <a 'sun/nio/fs/WindowsException'{0x00000000e9be8568}> (0x00000000e9be8568) 
thrown [s\src\hotspot\share\prims\jni.cpp, line 516]
Event: 11.793 Thread 0x000002478618b170 Exception <a 'sun/nio/fs/WindowsException'{0x00000000e9be8cc8}> (0x00000000e9be8cc8) 
thrown [s\src\hotspot\share\prims\jni.cpp, line 516]
Event: 11.793 Thread 0x000002478618b170 Exception <a 'sun/nio/fs/WindowsException'{0x00000000e9be9288}> (0x00000000e9be9288) 
thrown [s\src\hotspot\share\prims\jni.cpp, line 516]
Event: 11.793 Thread 0x000002478618b170 Exception <a 'sun/nio/fs/WindowsException'{0x00000000e9be99a8}> (0x00000000e9be99a8) 
thrown [s\src\hotspot\share\prims\jni.cpp, line 516]
Event: 11.793 Thread 0x000002478618b170 Exception <a 'sun/nio/fs/WindowsException'{0x00000000e9bea0a0}> (0x00000000e9bea0a0) 
thrown [s\src\hotspot\share\prims\jni.cpp, line 516]
Event: 12.374 Thread 0x00000247e8044840 Exception <a 'java/lang/NoSuchMethodError'{0x00000000e880b480}: 'java.lang.Object java.lang.invoke.DirectMethodHandle$Holder.invokeStatic(java.lang.Object, java.lang.Object, long, java.lang.Object)'> (0x00000000e880b480) 
thrown [s\src\hotspot\share\interpreter\linkResolver.cpp, line 759]
Event: 12.374 Thread 0x00000247e8044840 Exception <a 'java/lang/NoSuchMethodError'{0x00000000e880ec58}: 'java.lang.Object java.lang.invoke.DirectMethodHandle$Holder.invokeStaticInit(java.lang.Object, java.lang.Object, long, java.lang.Object)'> (0x00000000e880ec58) 
thrown [s\src\hotspot\share\interpreter\linkResolver.cpp, line 759]
Event: 12.375 Thread 0x00000247e8044840 Exception <a 'java/lang/NoSuchMethodError'{0x00000000e88152a0}: 'java.lang.Object java.lang.invoke.DirectMethodHandle$Holder.newInvokeSpecial(java.lang.Object, java.lang.Object, long)'> (0x00000000e88152a0) 
thrown [s\src\hotspot\share\interpreter\linkResolver.cpp, line 759]
Event: 12.375 Thread 0x00000247e8044840 Exception <a 'java/lang/NoSuchMethodError'{0x00000000e8818e10}: 'java.lang.Object java.lang.invoke.Invokers$Holder.linkToTargetMethod(java.lang.Object, long, java.lang.Object)'> (0x00000000e8818e10) 
thrown [s\src\hotspot\share\interpreter\linkResolver.cpp, line 759]

VM Operations (20 events):
Event: 11.499 Executing VM operation: G1PauseCleanup
Event: 11.499 Executing VM operation: G1PauseCleanup done
Event: 11.608 Executing VM operation: G1CollectForAllocation
Event: 11.614 Executing VM operation: G1CollectForAllocation done
Event: 11.618 Executing VM operation: G1CollectForAllocation
Event: 11.624 Executing VM operation: G1CollectForAllocation done
Event: 12.347 Executing VM operation: HandshakeAllThreads
Event: 12.347 Executing VM operation: HandshakeAllThreads done
Event: 12.354 Executing VM operation: HandshakeAllThreads
Event: 12.354 Executing VM operation: HandshakeAllThreads done
Event: 13.360 Executing VM operation: Cleanup
Event: 13.500 Executing VM operation: Cleanup done
Event: 14.312 Executing VM operation: G1CollectForAllocation
Event: 14.317 Executing VM operation: G1CollectForAllocation done
Event: 14.623 Executing VM operation: HandshakeAllThreads
Event: 14.623 Executing VM operation: HandshakeAllThreads done
Event: 15.630 Executing VM operation: Cleanup
Event: 15.630 Executing VM operation: Cleanup done
Event: 16.641 Executing VM operation: Cleanup
Event: 16.642 Executing VM operation: Cleanup done

Memory protections (0 events):
No events

Nmethod flushes (20 events):
Event: 9.256 Thread 0x00000247a16c3b60 flushing  nmethod 0x000002478e80a010
Event: 9.256 Thread 0x00000247a16c3b60 flushing  nmethod 0x000002478e835c10
Event: 9.256 Thread 0x00000247a16c3b60 flushing  nmethod 0x000002478e84a090
Event: 9.256 Thread 0x00000247a16c3b60 flushing  nmethod 0x000002478e84b710
Event: 9.256 Thread 0x00000247a16c3b60 flushing  nmethod 0x000002478e875e90
Event: 9.256 Thread 0x00000247a16c3b60 flushing  nmethod 0x000002478e876590
Event: 9.256 Thread 0x00000247a16c3b60 flushing  nmethod 0x000002478e876a90
Event: 9.256 Thread 0x00000247a16c3b60 flushing  nmethod 0x000002478e877290
Event: 9.256 Thread 0x00000247a16c3b60 flushing  nmethod 0x000002478e877a90
Event: 9.256 Thread 0x00000247a16c3b60 flushing  nmethod 0x000002478e877e10
Event: 9.256 Thread 0x00000247a16c3b60 flushing  nmethod 0x000002478e878810
Event: 9.256 Thread 0x00000247a16c3b60 flushing  nmethod 0x000002478e878b90
Event: 9.256 Thread 0x00000247a16c3b60 flushing  nmethod 0x000002478e879110
Event: 9.256 Thread 0x00000247a16c3b60 flushing  nmethod 0x000002478e87b990
Event: 9.256 Thread 0x00000247a16c3b60 flushing  nmethod 0x000002478e87f210
Event: 9.256 Thread 0x00000247a16c3b60 flushing  nmethod 0x000002478e87f790
Event: 9.256 Thread 0x00000247a16c3b60 flushing  nmethod 0x000002478e87fe10
Event: 9.256 Thread 0x00000247a16c3b60 flushing  nmethod 0x000002478e880610
Event: 9.256 Thread 0x00000247a16c3b60 flushing  nmethod 0x000002478e881390
Event: 9.256 Thread 0x00000247a16c3b60 flushing  nmethod 0x000002478e8ac510

Events (20 events):
Event: 1.421 Thread 0x00000247e74c3f40 Thread exited: 0x00000247e74c3f40
Event: 2.493 Thread 0x00000247e74ccc80 Thread exited: 0x00000247e74ccc80
Event: 2.924 Thread 0x00000247e73a8bb0 Thread added: 0x00000247e875af60
Event: 4.076 Thread 0x00000247e875af60 Thread exited: 0x00000247e875af60
Event: 4.310 Thread 0x00000247e7195a50 Thread added: 0x00000247e82ba810
Event: 4.616 Thread 0x000002478618b170 Thread added: 0x00000247e8170010
Event: 4.795 Thread 0x00000247a16c3160 Thread added: 0x00000247e8712430
Event: 7.712 Thread 0x00000247e8712430 Thread exited: 0x00000247e8712430
Event: 7.717 Thread 0x00000247e82ba810 Thread exited: 0x00000247e82ba810
Event: 8.453 Thread 0x00000247a173e9a0 Thread added: 0x00000247e86a9ad0
Event: 9.460 Thread 0x00000247e86a9ad0 Thread exited: 0x00000247e86a9ad0
Event: 9.658 Thread 0x00000247a16c3160 Thread added: 0x00000247e86a9030
Event: 12.350 Thread 0x000002478618b170 Thread added: 0x00000247e8044840
Event: 12.377 Thread 0x00000247e8044840 Thread exited: 0x00000247e8044840
Event: 13.932 Thread 0x00000247e86a9030 Thread exited: 0x00000247e86a9030
Event: 14.662 Thread 0x00000247a173e9a0 Thread added: 0x00000247e86a8ae0
Event: 15.684 Thread 0x00000247e7195a50 Thread exited: 0x00000247e7195a50
Event: 15.684 Thread 0x00000247e73a8bb0 Thread exited: 0x00000247e73a8bb0
Event: 15.703 Thread 0x00000247a173e9a0 Thread added: 0x00000247e86a75a0
Event: 15.799 Thread 0x00000247a173e9a0 Thread added: 0x00000247e86a9030


Dynamic libraries:
0x00007ff6b7920000 - 0x00007ff6b792e000 	C:\Program Files\Eclipse Adoptium\jdk-17.0.17.10-hotspot\bin\java.exe
0x00007ff8add60000 - 0x00007ff8adfc8000 	C:\WINDOWS\SYSTEM32\ntdll.dll
0x00007ff8ad290000 - 0x00007ff8ad359000 	C:\WINDOWS\System32\KERNEL32.DLL
0x00007ff8aaf60000 - 0x00007ff8ab358000 	C:\WINDOWS\System32\KERNELBASE.dll
0x00007ff8ab610000 - 0x00007ff8ab75b000 	C:\WINDOWS\System32\ucrtbase.dll
0x00007ff86e560000 - 0x00007ff86e578000 	C:\Program Files\Eclipse Adoptium\jdk-17.0.17.10-hotspot\bin\jli.dll
0x00007ff870a90000 - 0x00007ff870aae000 	C:\Program Files\Eclipse Adoptium\jdk-17.0.17.10-hotspot\bin\VCRUNTIME140.dll
0x00007ff8adb50000 - 0x00007ff8add17000 	C:\WINDOWS\System32\USER32.dll
0x00007ff8ab8d0000 - 0x00007ff8ab8f7000 	C:\WINDOWS\System32\win32u.dll
0x00007ff8924c0000 - 0x00007ff892754000 	C:\WINDOWS\WinSxS\amd64_microsoft.windows.common-controls_6595b64144ccf1df_6.0.26100.7019_none_3e06ffa0e335b8a8\COMCTL32.dll
0x00007ff8ad780000 - 0x00007ff8ad7ab000 	C:\WINDOWS\System32\GDI32.dll
0x00007ff8ad1e0000 - 0x00007ff8ad289000 	C:\WINDOWS\System32\msvcrt.dll
0x00007ff8ab4e0000 - 0x00007ff8ab60c000 	C:\WINDOWS\System32\gdi32full.dll
0x00007ff8ab990000 - 0x00007ff8aba33000 	C:\WINDOWS\System32\msvcp_win.dll
0x00007ff8ad190000 - 0x00007ff8ad1c1000 	C:\WINDOWS\System32\IMM32.DLL
0x00007ff89fbb0000 - 0x00007ff89fbbc000 	C:\Program Files\Eclipse Adoptium\jdk-17.0.17.10-hotspot\bin\vcruntime140_1.dll
0x00007ff82f790000 - 0x00007ff82f81d000 	C:\Program Files\Eclipse Adoptium\jdk-17.0.17.10-hotspot\bin\msvcp140.dll
0x00007ff827690000 - 0x00007ff8282fb000 	C:\Program Files\Eclipse Adoptium\jdk-17.0.17.10-hotspot\bin\server\jvm.dll
0x00007ff8abb80000 - 0x00007ff8abc34000 	C:\WINDOWS\System32\ADVAPI32.dll
0x00007ff8ac810000 - 0x00007ff8ac8b6000 	C:\WINDOWS\System32\sechost.dll
0x00007ff8ad900000 - 0x00007ff8ada18000 	C:\WINDOWS\System32\RPCRT4.dll
0x00007ff8abb00000 - 0x00007ff8abb74000 	C:\WINDOWS\System32\WS2_32.dll
0x00007ff8aad10000 - 0x00007ff8aad6e000 	C:\WINDOWS\SYSTEM32\POWRPROF.dll
0x00007ff8a2360000 - 0x00007ff8a236b000 	C:\WINDOWS\SYSTEM32\VERSION.dll
0x00007ff8a85b0000 - 0x00007ff8a85e5000 	C:\WINDOWS\SYSTEM32\WINMM.dll
0x00007ff8aacf0000 - 0x00007ff8aad04000 	C:\WINDOWS\SYSTEM32\UMPDC.dll
0x00007ff8a9c30000 - 0x00007ff8a9c4b000 	C:\WINDOWS\SYSTEM32\kernel.appcore.dll
0x00007ff89e690000 - 0x00007ff89e69a000 	C:\Program Files\Eclipse Adoptium\jdk-17.0.17.10-hotspot\bin\jimage.dll
0x00007ff8a82f0000 - 0x00007ff8a8532000 	C:\WINDOWS\SYSTEM32\DBGHELP.DLL
0x00007ff8acd50000 - 0x00007ff8ad0db000 	C:\WINDOWS\System32\combase.dll
0x00007ff8ad5d0000 - 0x00007ff8ad6a7000 	C:\WINDOWS\System32\OLEAUT32.dll
0x00007ff8a8570000 - 0x00007ff8a85ac000 	C:\WINDOWS\SYSTEM32\dbgcore.DLL
0x00007ff8aaeb0000 - 0x00007ff8aaf55000 	C:\WINDOWS\System32\bcryptPrimitives.dll
0x00007ff8417e0000 - 0x00007ff841805000 	C:\Program Files\Eclipse Adoptium\jdk-17.0.17.10-hotspot\bin\java.dll
0x00007ff82f6b0000 - 0x00007ff82f787000 	C:\Program Files\Eclipse Adoptium\jdk-17.0.17.10-hotspot\bin\jsvml.dll
0x00007ff8abc50000 - 0x00007ff8ac39f000 	C:\WINDOWS\System32\SHELL32.dll
0x00007ff8ab760000 - 0x00007ff8ab8cb000 	C:\WINDOWS\System32\wintypes.dll
0x00007ff8a8a90000 - 0x00007ff8a92ed000 	C:\WINDOWS\SYSTEM32\windows.storage.dll
0x00007ff8ad800000 - 0x00007ff8ad8f2000 	C:\WINDOWS\System32\SHCORE.dll
0x00007ff8adae0000 - 0x00007ff8adb47000 	C:\WINDOWS\System32\shlwapi.dll
0x00007ff8aadd0000 - 0x00007ff8aadf9000 	C:\WINDOWS\SYSTEM32\profapi.dll
0x00007ff86ddd0000 - 0x00007ff86ddea000 	C:\Program Files\Eclipse Adoptium\jdk-17.0.17.10-hotspot\bin\net.dll
0x00007ff8a2aa0000 - 0x00007ff8a2bc8000 	C:\WINDOWS\SYSTEM32\WINHTTP.dll
0x00007ff8aa180000 - 0x00007ff8aa1eb000 	C:\WINDOWS\system32\mswsock.dll
0x00007ff86c9f0000 - 0x00007ff86ca06000 	C:\Program Files\Eclipse Adoptium\jdk-17.0.17.10-hotspot\bin\nio.dll
0x00007ff869880000 - 0x00007ff869898000 	C:\Program Files\Eclipse Adoptium\jdk-17.0.17.10-hotspot\bin\zip.dll
0x00007ff82f4f0000 - 0x00007ff82f514000 	C:\ProgramData\chocolatey\lib\maven\apache-maven-3.9.9\lib\jansi-native\Windows\x86_64\jansi.dll
0x00007ff876050000 - 0x00007ff876060000 	C:\Program Files\Eclipse Adoptium\jdk-17.0.17.10-hotspot\bin\verify.dll

dbghelp: loaded successfully - version: 4.0.5 - missing functions: none
symbol engine: initialized successfully - sym options: 0x614 - pdb path: .;C:\Program Files\Eclipse Adoptium\jdk-17.0.17.10-hotspot\bin;C:\WINDOWS\SYSTEM32;C:\WINDOWS\WinSxS\amd64_microsoft.windows.common-controls_6595b64144ccf1df_6.0.26100.7019_none_3e06ffa0e335b8a8;C:\Program Files\Eclipse Adoptium\jdk-17.0.17.10-hotspot\bin\server;C:\ProgramData\chocolatey\lib\maven\apache-maven-3.9.9\lib\jansi-native\Windows\x86_64

VM Arguments:
jvm_args: -Dclassworlds.conf=C:\ProgramData\chocolatey\lib\maven\apache-maven-3.9.9\bin\m2.conf -Dmaven.home=C:\ProgramData\chocolatey\lib\maven\apache-maven-3.9.9 -Dlibrary.jansi.path=C:\ProgramData\chocolatey\lib\maven\apache-maven-3.9.9\lib\jansi-native -Dmaven.multiModuleProjectDirectory=C:\sistema-inventario-microservicios\ms-compras -Xmx512m 
java_command: org.codehaus.plexus.classworlds.launcher.Launcher clean package -DskipTests
java_class_path (initial): C:\ProgramData\chocolatey\lib\maven\apache-maven-3.9.9\boot\plexus-classworlds-2.8.0.jar
Launcher Type: SUN_STANDARD

[Global flags]
     intx CICompilerCount                          = 12                                        {product} {ergonomic}
     uint ConcGCThreads                            = 3                                         {product} {ergonomic}
     uint G1ConcRefinementThreads                  = 13                                        {product} {ergonomic}
   size_t G1HeapRegionSize                         = 1048576                                   {product} {ergonomic}
    uintx GCDrainStackTargetSize                   = 64                                        {product} {ergonomic}
   size_t InitialHeapSize                          = 123731968                                 {product} {ergonomic}
   size_t MarkStackSize                            = 4194304                                   {product} {ergonomic}
   size_t MaxHeapSize                              = 536870912                                 {product} {command line}
   size_t MaxNewSize                               = 321912832                                 {product} {ergonomic}
   size_t MinHeapDeltaBytes                        = 1048576                                   {product} {ergonomic}
   size_t MinHeapSize                              = 8388608                                   {product} {ergonomic}
    uintx NonNMethodCodeHeapSize                   = 7602480                                {pd product} {ergonomic}
    uintx NonProfiledCodeHeapSize                  = 122027880                              {pd product} {ergonomic}
    uintx ProfiledCodeHeapSize                     = 122027880                              {pd product} {ergonomic}
    uintx ReservedCodeCacheSize                    = 251658240                              {pd product} {ergonomic}
     bool SegmentedCodeCache                       = true                                      {product} {ergonomic}
   size_t SoftMaxHeapSize                          = 536870912                              {manageable} {ergonomic}
     bool UseCompressedClassPointers               = true                           {product lp64_product} {ergonomic}
     bool UseCompressedOops                        = true                           {product lp64_product} {ergonomic}
     bool UseG1GC                                  = true                                      {product} {ergonomic}
     bool UseLargePagesIndividualAllocation        = false                                  {pd product} {ergonomic}

Logging:
Log output configuration:
 #0: stdout all=warning uptime,level,tags
 #1: stderr all=off uptime,level,tags

Environment Variables:
JAVA_HOME=C:\Program Files\Eclipse Adoptium\jdk-17.0.17.10-hotspot\
_JAVA_OPTIONS=-Xmx512m
PATH=C:\Program Files\Eclipse Adoptium\jdk-17.0.17.10-hotspot\bin;C:\Program Files (x86)\Common Files\Oracle\Java\javapath;C:\oraclexe\app\oracle\product\11.2.0\server\bin;C:\Program Files\Common Files\Oracle\Java\javapath;C:\Program Files (x86)\VMware\VMware Workstation\bin\;C:\WINDOWS\system32;C:\WINDOWS;C:\WINDOWS\System32\Wbem;C:\WINDOWS\System32\WindowsPowerShell\v1.0\;C:\WINDOWS\System32\OpenSSH\;C:\Program Files\dotnet\;C:\Program Files\Microsoft SQL Server\Client SDK\ODBC\170\Tools\Binn\;C:\Program Files\Azure Data Studio\bin;C:\Program Files\PuTTY\;C:\Program Files\nodejs\;C:\Program Files\Git\cmd;C:\Program Files (x86)\Windows Kits\10\Windows Performance Toolkit\;C:\ProgramData\chocolatey\bin;C:\ProgramData\chocolatey\lib\maven\apache-maven-3.9.9\bin;C:\Program Files (x86)\Microsoft SQL Server\150\Tools\Binn\;C:\Program Files\Microsoft SQL Server\150\Tools\Binn\;C:\Program Files\Microsoft SQL Server\150\DTS\Binn\;C:\Program Files (x86)\Microsoft SQL Server\160\DTS\Binn\;C:\Program Files (x86)\Microsoft SQL Server\150\DTS\Binn\;C:\lolalolita\CASSANDRA\bin;C:\Users\jeans\AppData\Local\Programs\Python\Python312;;C:\Program Files\Docker\Docker\resources\bin;C:\Users\jeans\AppData\Local\Programs\Python\Python312\Scripts\;C:\Users\jeans\AppData\Local\Programs\Python\Python312\;C:\Users\jeans\.console-ninja\.bin;C:\Users\jeans\AppData\Local\Microsoft\WindowsApps;C:\Users\jeans\.dotnet\tools;C:\Program Files\Azure Data Studio\bin;C:\Users\jeans\AppData\Local\Programs\Microsoft VS Code\bin;C:\Users\jeans\AppData\Roaming\npm;C:\Program Files\MySQL\MySQL Server 8.0\bin;C:\Users\jeans\flutter\bin;C:\Program Files\PostgreSQL\17\bin;C:\Users\jeans\AppData\Local\Microsoft\WindowsApps;C:\Program Files\MongoDB\Server\8.0\bin;C:\Program Files\Java\jdk-21\;C:\Users\jeans\AppData\Local\GitHubDesktop\bin
USERNAME=jeans
OS=Windows_NT
PROCESSOR_IDENTIFIER=AMD64 Family 23 Model 104 Stepping 1, AuthenticAMD
TMP=C:\Users\jeans\AppData\Local\Temp
TEMP=C:\Users\jeans\AppData\Local\Temp



Periodic native trim disabled


---------------  S Y S T E M  ---------------

OS:
 Windows 11 , 64 bit Build 26100 (10.0.26100.7019)
OS uptime: 6 days 1:01 hours
Hyper-V role detected

CPU: total 16 (initial active 16) (16 cores per cpu, 2 threads per core) family 23 model 104 stepping 1 microcode 0x8608103, cx8, cmov, fxsr, ht, mmx, 3dnowpref, sse, sse2, sse3, ssse3, sse4a, sse4.1, sse4.2, popcnt, lzcnt, tsc, tscinvbit, avx, avx2, aes, clmul, bmi1, bmi2, adx, sha, fma, vzeroupper, clflush, clflushopt, hv
Processor Information for all 16 processors :
  Max Mhz: 1801, Current Mhz: 1801, Mhz Limit: 1801

Memory: 4k page, system-wide physical 7514M (1319M free)
TotalPageFile size 31066M (AvailPageFile size 14M)
current process WorkingSet (physical memory assigned to process): 283M, peak: 283M
current process commit charge ("private bytes"): 366M, peak: 366M

vm_info: OpenJDK 64-Bit Server VM (17.0.17+10) for windows-amd64 JRE (17.0.17+10), built on Oct 21 2025 23:25:32 by "admin" with unknown MS VC++:1942

END.
