#
# There is insufficient memory for the Java Runtime Environment to continue.
# Native memory allocation (malloc) failed to allocate 32744 bytes. Error detail: ChunkPool::allocate
# Possible reasons:
#   The system is out of physical RAM or swap space
#   This process is running with CompressedOops enabled, and the Java Heap may be blocking the growth of the native heap
# Possible solutions:
#   Reduce memory load on the system
#   Increase physical memory or swap space
#   Check if swap backing store is full
#   Decrease Java heap size (-Xmx/-Xms)
#   Decrease number of Java threads
#   Decrease Java thread stack sizes (-Xss)
#   Set larger code cache with -XX:ReservedCodeCacheSize=
#   JVM is running with Unscaled Compressed Oops mode in which the Java heap is
#     placed in the first 4GB address space. The Java Heap base address is the
#     maximum limit for the native heap growth. Please use -XX:HeapBaseMinAddress
#     to set the Java Heap base and to place the Java Heap above 4GB virtual address.
# This output file may be truncated or incomplete.
#
#  Out of Memory Error (arena.cpp:79), pid=12344, tid=24516
#
# JRE version: OpenJDK Runtime Environment Temurin-17.0.17+10 (17.0.17+10) (build 17.0.17+10)
# Java VM: OpenJDK 64-Bit Server VM Temurin-17.0.17+10 (17.0.17+10, mixed mode, sharing, tiered, compressed oops, compressed class ptrs, g1 gc, windows-amd64)
# No core dump will be written. Minidumps are not enabled by default on client versions of Windows
#

---------------  S U M M A R Y ------------

Command Line: -Dclassworlds.conf=C:\ProgramData\chocolatey\lib\maven\apache-maven-3.9.9\bin\m2.conf -Dmaven.home=C:\ProgramData\chocolatey\lib\maven\apache-maven-3.9.9 -Dlibrary.jansi.path=C:\ProgramData\chocolatey\lib\maven\apache-maven-3.9.9\lib\jansi-native -Dmaven.multiModuleProjectDirectory=C:\sistema-inventario-microservicios\ms-productos org.codehaus.plexus.classworlds.launcher.Launcher clean package -DskipTests

Host: AMD Ryzen 7 5700U with Radeon Graphics         , 16 cores, 7G,  Windows 11 , 64 bit Build 26100 (10.0.26100.7019)
Time: Sun Dec  7 21:50:38 2025 Hora est. Pacífico, Sudamérica elapsed time: 8.020000 seconds (0d 0h 0m 8s)

---------------  T H R E A D  ---------------

Current thread (0x0000014278e53a10):  JavaThread "C2 CompilerThread2" daemon [_thread_in_native, id=24516, stack(0x0000000bcb600000,0x0000000bcb700000)]


Current CompileTask:
C2:8020 4509       4       org.eclipse.aether.util.graph.transformer.ConflictResolver$State::deriveScope (83 bytes)

Stack: [0x0000000bcb600000,0x0000000bcb700000]
Native frames: (J=compiled Java code, j=interpreted, Vv=VM code, C=native code)
V  [jvm.dll+0x683fb9]
V  [jvm.dll+0x83a1b5]
V  [jvm.dll+0x83bc2e]
V  [jvm.dll+0x83c2b3]
V  [jvm.dll+0x248eff]
V  [jvm.dll+0xad69e]
V  [jvm.dll+0xadb3c]
V  [jvm.dll+0x2b0638]
V  [jvm.dll+0x58a5b5]
V  [jvm.dll+0x222e84]
V  [jvm.dll+0x21b84e]
V  [jvm.dll+0x2190fe]
V  [jvm.dll+0x1a4920]
V  [jvm.dll+0x22989a]
V  [jvm.dll+0x227a4b]
V  [jvm.dll+0x7effb8]
V  [jvm.dll+0x7ea44c]
V  [jvm.dll+0x682e87]
C  [ucrtbase.dll+0x37b0]
C  [KERNEL32.DLL+0x2e8d7]
C  [ntdll.dll+0x8c53c]


---------------  P R O C E S S  ---------------

Threads class SMR info:
_java_thread_list=0x0000014278e11260, length=18, elements={
0x0000014213afb680, 0x000001423188bdc0, 0x000001423188d790, 0x00000142318a7c40,
0x00000142318a8600, 0x00000142318a8fc0, 0x00000142318a9980, 0x00000142318aa670,
0x00000142318ab070, 0x00000142318aba70, 0x000001423266df20, 0x000001423273af70,
0x0000014232745720, 0x000001423299ba60, 0x000001427810ed80, 0x0000014278e92750,
0x0000014278e544b0, 0x0000014278e53a10
}

Java Threads: ( => current thread )
  0x0000014213afb680 JavaThread "main" [_thread_in_native, id=3324, stack(0x0000000bc9200000,0x0000000bc9300000)]
  0x000001423188bdc0 JavaThread "Reference Handler" daemon [_thread_blocked, id=21400, stack(0x0000000bc9900000,0x0000000bc9a00000)]
  0x000001423188d790 JavaThread "Finalizer" daemon [_thread_blocked, id=21180, stack(0x0000000bc9a00000,0x0000000bc9b00000)]
  0x00000142318a7c40 JavaThread "Signal Dispatcher" daemon [_thread_blocked, id=18876, stack(0x0000000bc9b00000,0x0000000bc9c00000)]
  0x00000142318a8600 JavaThread "Attach Listener" daemon [_thread_blocked, id=34220, stack(0x0000000bc9c00000,0x0000000bc9d00000)]
  0x00000142318a8fc0 JavaThread "Service Thread" daemon [_thread_blocked, id=27880, stack(0x0000000bc9d00000,0x0000000bc9e00000)]
  0x00000142318a9980 JavaThread "Monitor Deflation Thread" daemon [_thread_blocked, id=26484, stack(0x0000000bc9e00000,0x0000000bc9f00000)]
  0x00000142318aa670 JavaThread "C2 CompilerThread0" daemon [_thread_in_native, id=14168, stack(0x0000000bc9f00000,0x0000000bca000000)]
  0x00000142318ab070 JavaThread "C1 CompilerThread0" daemon [_thread_blocked, id=26064, stack(0x0000000bca000000,0x0000000bca100000)]
  0x00000142318aba70 JavaThread "Sweeper thread" daemon [_thread_blocked, id=20780, stack(0x0000000bca100000,0x0000000bca200000)]
  0x000001423266df20 JavaThread "C1 CompilerThread1" daemon [_thread_blocked, id=21260, stack(0x0000000bca200000,0x0000000bca300000)]
  0x000001423273af70 JavaThread "Notification Thread" daemon [_thread_blocked, id=3340, stack(0x0000000bca300000,0x0000000bca400000)]
  0x0000014232745720 JavaThread "Common-Cleaner" daemon [_thread_blocked, id=33188, stack(0x0000000bca500000,0x0000000bca600000)]
  0x000001423299ba60 JavaThread "C1 CompilerThread2" daemon [_thread_blocked, id=22560, stack(0x0000000bca600000,0x0000000bca700000)]
  0x000001427810ed80 JavaThread "C1 CompilerThread3" daemon [_thread_blocked, id=17180, stack(0x0000000bca700000,0x0000000bca800000)]
  0x0000014278e92750 JavaThread "Thread-1" daemon [_thread_blocked, id=17256, stack(0x0000000bcb100000,0x0000000bcb200000)]
  0x0000014278e544b0 JavaThread "C2 CompilerThread1" daemon [_thread_in_native, id=14900, stack(0x0000000bca800000,0x0000000bca900000)]
=>0x0000014278e53a10 JavaThread "C2 CompilerThread2" daemon [_thread_in_native, id=24516, stack(0x0000000bcb600000,0x0000000bcb700000)]

Other Threads:
  0x0000014231888990 VMThread "VM Thread" [stack: 0x0000000bc9800000,0x0000000bc9900000] [id=27108]
  0x000001423273d460 WatcherThread [stack: 0x0000000bca400000,0x0000000bca500000] [id=26524]
  0x0000014213b54c50 GCTaskThread "GC Thread#0" [stack: 0x0000000bc9300000,0x0000000bc9400000] [id=28144]
  0x00000142787d3960 GCTaskThread "GC Thread#1" [stack: 0x0000000bca900000,0x0000000bcaa00000] [id=35368]
  0x0000014278688cc0 GCTaskThread "GC Thread#2" [stack: 0x0000000bcaa00000,0x0000000bcab00000] [id=18908]
  0x0000014278a0d0b0 GCTaskThread "GC Thread#3" [stack: 0x0000000bcab00000,0x0000000bcac00000] [id=4676]
  0x0000014278a0d370 GCTaskThread "GC Thread#4" [stack: 0x0000000bcac00000,0x0000000bcad00000] [id=11384]
  0x00000142784f2090 GCTaskThread "GC Thread#5" [stack: 0x0000000bcad00000,0x0000000bcae00000] [id=2252]
  0x0000014278568ca0 GCTaskThread "GC Thread#6" [stack: 0x0000000bcae00000,0x0000000bcaf00000] [id=12912]
  0x0000014278add8c0 GCTaskThread "GC Thread#7" [stack: 0x0000000bcaf00000,0x0000000bcb000000] [id=18768]
  0x0000014278af0020 GCTaskThread "GC Thread#8" [stack: 0x0000000bcb000000,0x0000000bcb100000] [id=18544]
  0x0000014278f7e540 GCTaskThread "GC Thread#9" [stack: 0x0000000bcb200000,0x0000000bcb300000] [id=19744]
  0x0000014279686500 GCTaskThread "GC Thread#10" [stack: 0x0000000bcb300000,0x0000000bcb400000] [id=26232]
  0x00000142796867c0 GCTaskThread "GC Thread#11" [stack: 0x0000000bcb400000,0x0000000bcb500000] [id=19432]
  0x0000014279278f80 GCTaskThread "GC Thread#12" [stack: 0x0000000bcb500000,0x0000000bcb600000] [id=31252]
  0x0000014213b65370 ConcurrentGCThread "G1 Main Marker" [stack: 0x0000000bc9400000,0x0000000bc9500000] [id=9464]
  0x0000014213b67ca0 ConcurrentGCThread "G1 Conc#0" [stack: 0x0000000bc9500000,0x0000000bc9600000] [id=1048]
  0x0000014213bae4c0 ConcurrentGCThread "G1 Refine#0" [stack: 0x0000000bc9600000,0x0000000bc9700000] [id=6764]
  0x0000014213baec90 ConcurrentGCThread "G1 Service" [stack: 0x0000000bc9700000,0x0000000bc9800000] [id=4872]

Threads with active compile tasks:
C2 CompilerThread0  8089 4499       4       org.eclipse.aether.util.graph.transformer.ConflictResolver::gatherConflictItems (111 bytes)
C2 CompilerThread1  8089 4501       4       org.eclipse.aether.util.graph.transformer.ConflictResolver$State::push (457 bytes)
C2 CompilerThread2  8089 4509       4       org.eclipse.aether.util.graph.transformer.ConflictResolver$State::deriveScope (83 bytes)

VM state: not at safepoint (normal execution)

VM Mutex/Monitor currently owned by a thread: None

Heap address: 0x000000008a800000, size: 1880 MB, Compressed Oops mode: 32-bit

CDS archive(s) mapped at: [0x0000014233000000-0x0000014233bb0000-0x0000014233bb0000), size 12255232, SharedBaseAddress: 0x0000014233000000, ArchiveRelocationMode: 1.
Compressed class space mapped at: 0x0000014234000000-0x0000014274000000, reserved size: 1073741824
Narrow klass base: 0x0000014233000000, Narrow klass shift: 0, Narrow klass range: 0x100000000

GC Precious Log:
 CPUs: 16 total, 16 available
 Memory: 7514M
 Large Page Support: Disabled
 NUMA Support: Disabled
 Compressed Oops: Enabled (32-bit)
 Heap Region Size: 1M
 Heap Min Capacity: 8M
 Heap Initial Capacity: 118M
 Heap Max Capacity: 1880M
 Pre-touch: Disabled
 Parallel Workers: 13
 Concurrent Workers: 3
 Concurrent Refinement Workers: 13
 Periodic GC: Disabled

Heap:
 garbage-first heap   total 120832K, used 45954K [0x000000008a800000, 0x0000000100000000)
  region size 1024K, 42 young (43008K), 9 survivors (9216K)
 Metaspace       used 16330K, committed 16576K, reserved 1114112K
  class space    used 1875K, committed 1984K, reserved 1048576K

Heap Regions: E=young(eden), S=young(survivor), O=old, HS=humongous(starts), HC=humongous(continues), CS=collection set, F=free, OA=open archive, CA=closed archive, TAMS=top-at-mark-start (previous, next)
|   0|0x000000008a800000, 0x000000008a900000, 0x000000008a900000|100%| O|  |TAMS 0x000000008a800000, 0x000000008a800000| Untracked 
|   1|0x000000008a900000, 0x000000008aa00000, 0x000000008aa00000|100%| O|  |TAMS 0x000000008a900000, 0x000000008a900000| Untracked 
|   2|0x000000008aa00000, 0x000000008ab00000, 0x000000008ab00000|100%| O|  |TAMS 0x000000008aa00000, 0x000000008aa00000| Untracked 
|   3|0x000000008ab00000, 0x000000008abe0a00, 0x000000008ac00000| 87%| O|  |TAMS 0x000000008ab00000, 0x000000008ab00000| Untracked 
|   4|0x000000008ac00000, 0x000000008ac00000, 0x000000008ad00000|  0%| F|  |TAMS 0x000000008ac00000, 0x000000008ac00000| Untracked 
|   5|0x000000008ad00000, 0x000000008ad00000, 0x000000008ae00000|  0%| F|  |TAMS 0x000000008ad00000, 0x000000008ad00000| Untracked 
|   6|0x000000008ae00000, 0x000000008ae00000, 0x000000008af00000|  0%| F|  |TAMS 0x000000008ae00000, 0x000000008ae00000| Untracked 
|   7|0x000000008af00000, 0x000000008af00000, 0x000000008b000000|  0%| F|  |TAMS 0x000000008af00000, 0x000000008af00000| Untracked 
|   8|0x000000008b000000, 0x000000008b000000, 0x000000008b100000|  0%| F|  |TAMS 0x000000008b000000, 0x000000008b000000| Untracked 
|   9|0x000000008b100000, 0x000000008b100000, 0x000000008b200000|  0%| F|  |TAMS 0x000000008b100000, 0x000000008b100000| Untracked 
|  10|0x000000008b200000, 0x000000008b200000, 0x000000008b300000|  0%| F|  |TAMS 0x000000008b200000, 0x000000008b200000| Untracked 
|  11|0x000000008b300000, 0x000000008b300000, 0x000000008b400000|  0%| F|  |TAMS 0x000000008b300000, 0x000000008b300000| Untracked 
|  12|0x000000008b400000, 0x000000008b400000, 0x000000008b500000|  0%| F|  |TAMS 0x000000008b400000, 0x000000008b400000| Untracked 
|  13|0x000000008b500000, 0x000000008b500000, 0x000000008b600000|  0%| F|  |TAMS 0x000000008b500000, 0x000000008b500000| Untracked 
|  14|0x000000008b600000, 0x000000008b600000, 0x000000008b700000|  0%| F|  |TAMS 0x000000008b600000, 0x000000008b600000| Untracked 
|  15|0x000000008b700000, 0x000000008b700000, 0x000000008b800000|  0%| F|  |TAMS 0x000000008b700000, 0x000000008b700000| Untracked 
|  16|0x000000008b800000, 0x000000008b800000, 0x000000008b900000|  0%| F|  |TAMS 0x000000008b800000, 0x000000008b800000| Untracked 
|  17|0x000000008b900000, 0x000000008b900000, 0x000000008ba00000|  0%| F|  |TAMS 0x000000008b900000, 0x000000008b900000| Untracked 
|  18|0x000000008ba00000, 0x000000008ba00000, 0x000000008bb00000|  0%| F|  |TAMS 0x000000008ba00000, 0x000000008ba00000| Untracked 
|  19|0x000000008bb00000, 0x000000008bb00000, 0x000000008bc00000|  0%| F|  |TAMS 0x000000008bb00000, 0x000000008bb00000| Untracked 
|  20|0x000000008bc00000, 0x000000008bc00000, 0x000000008bd00000|  0%| F|  |TAMS 0x000000008bc00000, 0x000000008bc00000| Untracked 
|  21|0x000000008bd00000, 0x000000008bd00000, 0x000000008be00000|  0%| F|  |TAMS 0x000000008bd00000, 0x000000008bd00000| Untracked 
|  22|0x000000008be00000, 0x000000008be00000, 0x000000008bf00000|  0%| F|  |TAMS 0x000000008be00000, 0x000000008be00000| Untracked 
|  23|0x000000008bf00000, 0x000000008bf00000, 0x000000008c000000|  0%| F|  |TAMS 0x000000008bf00000, 0x000000008bf00000| Untracked 
|  24|0x000000008c000000, 0x000000008c000000, 0x000000008c100000|  0%| F|  |TAMS 0x000000008c000000, 0x000000008c000000| Untracked 
|  25|0x000000008c100000, 0x000000008c100000, 0x000000008c200000|  0%| F|  |TAMS 0x000000008c100000, 0x000000008c100000| Untracked 
|  26|0x000000008c200000, 0x000000008c200000, 0x000000008c300000|  0%| F|  |TAMS 0x000000008c200000, 0x000000008c200000| Untracked 
|  27|0x000000008c300000, 0x000000008c300000, 0x000000008c400000|  0%| F|  |TAMS 0x000000008c300000, 0x000000008c300000| Untracked 
|  28|0x000000008c400000, 0x000000008c400000, 0x000000008c500000|  0%| F|  |TAMS 0x000000008c400000, 0x000000008c400000| Untracked 
|  29|0x000000008c500000, 0x000000008c500000, 0x000000008c600000|  0%| F|  |TAMS 0x000000008c500000, 0x000000008c500000| Untracked 
|  30|0x000000008c600000, 0x000000008c600000, 0x000000008c700000|  0%| F|  |TAMS 0x000000008c600000, 0x000000008c600000| Untracked 
|  31|0x000000008c700000, 0x000000008c700000, 0x000000008c800000|  0%| F|  |TAMS 0x000000008c700000, 0x000000008c700000| Untracked 
|  32|0x000000008c800000, 0x000000008c800000, 0x000000008c900000|  0%| F|  |TAMS 0x000000008c800000, 0x000000008c800000| Untracked 
|  33|0x000000008c900000, 0x000000008c900000, 0x000000008ca00000|  0%| F|  |TAMS 0x000000008c900000, 0x000000008c900000| Untracked 
|  34|0x000000008ca00000, 0x000000008ca00000, 0x000000008cb00000|  0%| F|  |TAMS 0x000000008ca00000, 0x000000008ca00000| Untracked 
|  35|0x000000008cb00000, 0x000000008cb00000, 0x000000008cc00000|  0%| F|  |TAMS 0x000000008cb00000, 0x000000008cb00000| Untracked 
|  36|0x000000008cc00000, 0x000000008cc00000, 0x000000008cd00000|  0%| F|  |TAMS 0x000000008cc00000, 0x000000008cc00000| Untracked 
|  37|0x000000008cd00000, 0x000000008cd00000, 0x000000008ce00000|  0%| F|  |TAMS 0x000000008cd00000, 0x000000008cd00000| Untracked 
|  38|0x000000008ce00000, 0x000000008ce00000, 0x000000008cf00000|  0%| F|  |TAMS 0x000000008ce00000, 0x000000008ce00000| Untracked 
|  39|0x000000008cf00000, 0x000000008d000000, 0x000000008d000000|100%| S|CS|TAMS 0x000000008cf00000, 0x000000008cf00000| Complete 
|  40|0x000000008d000000, 0x000000008d100000, 0x000000008d100000|100%| S|CS|TAMS 0x000000008d000000, 0x000000008d000000| Complete 
|  41|0x000000008d100000, 0x000000008d200000, 0x000000008d200000|100%| S|CS|TAMS 0x000000008d100000, 0x000000008d100000| Complete 
|  42|0x000000008d200000, 0x000000008d300000, 0x000000008d300000|100%| S|CS|TAMS 0x000000008d200000, 0x000000008d200000| Complete 
|  43|0x000000008d300000, 0x000000008d400000, 0x000000008d400000|100%| S|CS|TAMS 0x000000008d300000, 0x000000008d300000| Complete 
|  44|0x000000008d400000, 0x000000008d500000, 0x000000008d500000|100%| S|CS|TAMS 0x000000008d400000, 0x000000008d400000| Complete 
|  45|0x000000008d500000, 0x000000008d600000, 0x000000008d600000|100%| S|CS|TAMS 0x000000008d500000, 0x000000008d500000| Complete 
|  46|0x000000008d600000, 0x000000008d700000, 0x000000008d700000|100%| S|CS|TAMS 0x000000008d600000, 0x000000008d600000| Complete 
|  47|0x000000008d700000, 0x000000008d800000, 0x000000008d800000|100%| S|CS|TAMS 0x000000008d700000, 0x000000008d700000| Complete 
|  48|0x000000008d800000, 0x000000008d800000, 0x000000008d900000|  0%| F|  |TAMS 0x000000008d800000, 0x000000008d800000| Untracked 
|  49|0x000000008d900000, 0x000000008d900000, 0x000000008da00000|  0%| F|  |TAMS 0x000000008d900000, 0x000000008d900000| Untracked 
|  50|0x000000008da00000, 0x000000008da00000, 0x000000008db00000|  0%| F|  |TAMS 0x000000008da00000, 0x000000008da00000| Untracked 
|  51|0x000000008db00000, 0x000000008db00000, 0x000000008dc00000|  0%| F|  |TAMS 0x000000008db00000, 0x000000008db00000| Untracked 
|  52|0x000000008dc00000, 0x000000008dc00000, 0x000000008dd00000|  0%| F|  |TAMS 0x000000008dc00000, 0x000000008dc00000| Untracked 
|  53|0x000000008dd00000, 0x000000008dd00000, 0x000000008de00000|  0%| F|  |TAMS 0x000000008dd00000, 0x000000008dd00000| Untracked 
|  54|0x000000008de00000, 0x000000008de00000, 0x000000008df00000|  0%| F|  |TAMS 0x000000008de00000, 0x000000008de00000| Untracked 
|  55|0x000000008df00000, 0x000000008df00000, 0x000000008e000000|  0%| F|  |TAMS 0x000000008df00000, 0x000000008df00000| Untracked 
|  56|0x000000008e000000, 0x000000008e000000, 0x000000008e100000|  0%| F|  |TAMS 0x000000008e000000, 0x000000008e000000| Untracked 
|  57|0x000000008e100000, 0x000000008e100000, 0x000000008e200000|  0%| F|  |TAMS 0x000000008e100000, 0x000000008e100000| Untracked 
|  58|0x000000008e200000, 0x000000008e200000, 0x000000008e300000|  0%| F|  |TAMS 0x000000008e200000, 0x000000008e200000| Untracked 
|  59|0x000000008e300000, 0x000000008e300000, 0x000000008e400000|  0%| F|  |TAMS 0x000000008e300000, 0x000000008e300000| Untracked 
|  60|0x000000008e400000, 0x000000008e400000, 0x000000008e500000|  0%| F|  |TAMS 0x000000008e400000, 0x000000008e400000| Untracked 
|  61|0x000000008e500000, 0x000000008e500000, 0x000000008e600000|  0%| F|  |TAMS 0x000000008e500000, 0x000000008e500000| Untracked 
|  62|0x000000008e600000, 0x000000008e600000, 0x000000008e700000|  0%| F|  |TAMS 0x000000008e600000, 0x000000008e600000| Untracked 
|  63|0x000000008e700000, 0x000000008e700000, 0x000000008e800000|  0%| F|  |TAMS 0x000000008e700000, 0x000000008e700000| Untracked 
|  64|0x000000008e800000, 0x000000008e800000, 0x000000008e900000|  0%| F|  |TAMS 0x000000008e800000, 0x000000008e800000| Untracked 
|  65|0x000000008e900000, 0x000000008e900000, 0x000000008ea00000|  0%| F|  |TAMS 0x000000008e900000, 0x000000008e900000| Untracked 
|  66|0x000000008ea00000, 0x000000008ea00000, 0x000000008eb00000|  0%| F|  |TAMS 0x000000008ea00000, 0x000000008ea00000| Untracked 
|  67|0x000000008eb00000, 0x000000008eb00000, 0x000000008ec00000|  0%| F|  |TAMS 0x000000008eb00000, 0x000000008eb00000| Untracked 
|  68|0x000000008ec00000, 0x000000008ec00000, 0x000000008ed00000|  0%| F|  |TAMS 0x000000008ec00000, 0x000000008ec00000| Untracked 
|  69|0x000000008ed00000, 0x000000008ed00000, 0x000000008ee00000|  0%| F|  |TAMS 0x000000008ed00000, 0x000000008ed00000| Untracked 
|  70|0x000000008ee00000, 0x000000008ee00000, 0x000000008ef00000|  0%| F|  |TAMS 0x000000008ee00000, 0x000000008ee00000| Untracked 
|  71|0x000000008ef00000, 0x000000008ef00000, 0x000000008f000000|  0%| F|  |TAMS 0x000000008ef00000, 0x000000008ef00000| Untracked 
|  72|0x000000008f000000, 0x000000008f000000, 0x000000008f100000|  0%| F|  |TAMS 0x000000008f000000, 0x000000008f000000| Untracked 
|  73|0x000000008f100000, 0x000000008f100000, 0x000000008f200000|  0%| F|  |TAMS 0x000000008f100000, 0x000000008f100000| Untracked 
|  74|0x000000008f200000, 0x000000008f200000, 0x000000008f300000|  0%| F|  |TAMS 0x000000008f200000, 0x000000008f200000| Untracked 
|  75|0x000000008f300000, 0x000000008f300000, 0x000000008f400000|  0%| F|  |TAMS 0x000000008f300000, 0x000000008f300000| Untracked 
|  76|0x000000008f400000, 0x000000008f400000, 0x000000008f500000|  0%| F|  |TAMS 0x000000008f400000, 0x000000008f400000| Untracked 
|  77|0x000000008f500000, 0x000000008f500000, 0x000000008f600000|  0%| F|  |TAMS 0x000000008f500000, 0x000000008f500000| Untracked 
|  78|0x000000008f600000, 0x000000008f600000, 0x000000008f700000|  0%| F|  |TAMS 0x000000008f600000, 0x000000008f600000| Untracked 
|  79|0x000000008f700000, 0x000000008f700000, 0x000000008f800000|  0%| F|  |TAMS 0x000000008f700000, 0x000000008f700000| Untracked 
|  80|0x000000008f800000, 0x000000008f800000, 0x000000008f900000|  0%| F|  |TAMS 0x000000008f800000, 0x000000008f800000| Untracked 
|  81|0x000000008f900000, 0x000000008f900000, 0x000000008fa00000|  0%| F|  |TAMS 0x000000008f900000, 0x000000008f900000| Untracked 
|  82|0x000000008fa00000, 0x000000008fa00000, 0x000000008fb00000|  0%| F|  |TAMS 0x000000008fa00000, 0x000000008fa00000| Untracked 
|  83|0x000000008fb00000, 0x000000008fb00000, 0x000000008fc00000|  0%| F|  |TAMS 0x000000008fb00000, 0x000000008fb00000| Untracked 
|  84|0x000000008fc00000, 0x000000008fc00000, 0x000000008fd00000|  0%| F|  |TAMS 0x000000008fc00000, 0x000000008fc00000| Untracked 
|  85|0x000000008fd00000, 0x000000008fe00000, 0x000000008fe00000|100%| E|  |TAMS 0x000000008fd00000, 0x000000008fd00000| Complete 
|  86|0x000000008fe00000, 0x000000008ff00000, 0x000000008ff00000|100%| E|CS|TAMS 0x000000008fe00000, 0x000000008fe00000| Complete 
|  87|0x000000008ff00000, 0x0000000090000000, 0x0000000090000000|100%| E|CS|TAMS 0x000000008ff00000, 0x000000008ff00000| Complete 
|  88|0x0000000090000000, 0x0000000090100000, 0x0000000090100000|100%| E|CS|TAMS 0x0000000090000000, 0x0000000090000000| Complete 
|  89|0x0000000090100000, 0x0000000090200000, 0x0000000090200000|100%| E|CS|TAMS 0x0000000090100000, 0x0000000090100000| Complete 
|  90|0x0000000090200000, 0x0000000090300000, 0x0000000090300000|100%| E|CS|TAMS 0x0000000090200000, 0x0000000090200000| Complete 
|  91|0x0000000090300000, 0x0000000090400000, 0x0000000090400000|100%| E|CS|TAMS 0x0000000090300000, 0x0000000090300000| Complete 
|  92|0x0000000090400000, 0x0000000090500000, 0x0000000090500000|100%| E|CS|TAMS 0x0000000090400000, 0x0000000090400000| Complete 
|  93|0x0000000090500000, 0x0000000090600000, 0x0000000090600000|100%| E|CS|TAMS 0x0000000090500000, 0x0000000090500000| Complete 
|  94|0x0000000090600000, 0x0000000090700000, 0x0000000090700000|100%| E|CS|TAMS 0x0000000090600000, 0x0000000090600000| Complete 
|  95|0x0000000090700000, 0x0000000090800000, 0x0000000090800000|100%| E|CS|TAMS 0x0000000090700000, 0x0000000090700000| Complete 
|  96|0x0000000090800000, 0x0000000090900000, 0x0000000090900000|100%| E|CS|TAMS 0x0000000090800000, 0x0000000090800000| Complete 
|  97|0x0000000090900000, 0x0000000090a00000, 0x0000000090a00000|100%| E|CS|TAMS 0x0000000090900000, 0x0000000090900000| Complete 
|  98|0x0000000090a00000, 0x0000000090b00000, 0x0000000090b00000|100%| E|CS|TAMS 0x0000000090a00000, 0x0000000090a00000| Complete 
|  99|0x0000000090b00000, 0x0000000090c00000, 0x0000000090c00000|100%| E|CS|TAMS 0x0000000090b00000, 0x0000000090b00000| Complete 
| 100|0x0000000090c00000, 0x0000000090d00000, 0x0000000090d00000|100%| E|CS|TAMS 0x0000000090c00000, 0x0000000090c00000| Complete 
| 101|0x0000000090d00000, 0x0000000090e00000, 0x0000000090e00000|100%| E|CS|TAMS 0x0000000090d00000, 0x0000000090d00000| Complete 
| 102|0x0000000090e00000, 0x0000000090f00000, 0x0000000090f00000|100%| E|CS|TAMS 0x0000000090e00000, 0x0000000090e00000| Complete 
| 103|0x0000000090f00000, 0x0000000091000000, 0x0000000091000000|100%| E|CS|TAMS 0x0000000090f00000, 0x0000000090f00000| Complete 
| 104|0x0000000091000000, 0x0000000091100000, 0x0000000091100000|100%| E|CS|TAMS 0x0000000091000000, 0x0000000091000000| Complete 
| 105|0x0000000091100000, 0x0000000091200000, 0x0000000091200000|100%| E|CS|TAMS 0x0000000091100000, 0x0000000091100000| Complete 
| 106|0x0000000091200000, 0x0000000091300000, 0x0000000091300000|100%| E|CS|TAMS 0x0000000091200000, 0x0000000091200000| Complete 
| 107|0x0000000091300000, 0x0000000091400000, 0x0000000091400000|100%| E|CS|TAMS 0x0000000091300000, 0x0000000091300000| Complete 
| 108|0x0000000091400000, 0x0000000091500000, 0x0000000091500000|100%| E|CS|TAMS 0x0000000091400000, 0x0000000091400000| Complete 
| 109|0x0000000091500000, 0x0000000091600000, 0x0000000091600000|100%| E|CS|TAMS 0x0000000091500000, 0x0000000091500000| Complete 
| 110|0x0000000091600000, 0x0000000091700000, 0x0000000091700000|100%| E|CS|TAMS 0x0000000091600000, 0x0000000091600000| Complete 
| 111|0x0000000091700000, 0x0000000091800000, 0x0000000091800000|100%| E|CS|TAMS 0x0000000091700000, 0x0000000091700000| Complete 
| 112|0x0000000091800000, 0x0000000091900000, 0x0000000091900000|100%| E|CS|TAMS 0x0000000091800000, 0x0000000091800000| Complete 
| 113|0x0000000091900000, 0x0000000091a00000, 0x0000000091a00000|100%| E|CS|TAMS 0x0000000091900000, 0x0000000091900000| Complete 
| 114|0x0000000091a00000, 0x0000000091b00000, 0x0000000091b00000|100%| E|CS|TAMS 0x0000000091a00000, 0x0000000091a00000| Complete 
| 115|0x0000000091b00000, 0x0000000091c00000, 0x0000000091c00000|100%| E|CS|TAMS 0x0000000091b00000, 0x0000000091b00000| Complete 
| 116|0x0000000091c00000, 0x0000000091d00000, 0x0000000091d00000|100%| E|CS|TAMS 0x0000000091c00000, 0x0000000091c00000| Complete 
| 117|0x0000000091d00000, 0x0000000091e00000, 0x0000000091e00000|100%| E|CS|TAMS 0x0000000091d00000, 0x0000000091d00000| Complete 

Card table byte_map: [0x000001422b2a0000,0x000001422b650000] _byte_map_base: 0x000001422ae4c000

Marking Bits (Prev, Next): (CMBitMap*) 0x0000014213b55270, (CMBitMap*) 0x0000014213b552b0
 Prev Bits: [0x000001422ba00000, 0x000001422d760000)
 Next Bits: [0x000001422d760000, 0x000001422f4c0000)

Polling page: 0x00000142119f0000

Metaspace:

Usage:
  Non-class:     14.12 MB used.
      Class:      1.83 MB used.
       Both:     15.95 MB used.

Virtual space:
  Non-class space:       64.00 MB reserved,      14.25 MB ( 22%) committed,  1 nodes.
      Class space:        1.00 GB reserved,       1.94 MB ( <1%) committed,  1 nodes.
             Both:        1.06 GB reserved,      16.19 MB (  1%) committed. 

Chunk freelists:
   Non-Class:  1.41 MB
       Class:  13.92 MB
        Both:  15.33 MB

MaxMetaspaceSize: unlimited
CompressedClassSpaceSize: 1.00 GB
Initial GC threshold: 21.00 MB
Current GC threshold: 21.00 MB
CDS: on
MetaspaceReclaimPolicy: balanced
 - commit_granule_bytes: 65536.
 - commit_granule_words: 8192.
 - virtual_space_node_default_size: 8388608.
 - enlarge_chunks_in_place: 1.
 - new_chunks_are_fully_committed: 0.
 - uncommit_free_chunks: 1.
 - use_allocation_guard: 0.
 - handle_deallocations: 1.


Internal statistics:

num_allocs_failed_limit: 0.
num_arena_births: 104.
num_arena_deaths: 0.
num_vsnodes_births: 2.
num_vsnodes_deaths: 0.
num_space_committed: 259.
num_space_uncommitted: 0.
num_chunks_returned_to_freelist: 0.
num_chunks_taken_from_freelist: 669.
num_chunk_merges: 0.
num_chunk_splits: 461.
num_chunks_enlarged: 367.
num_inconsistent_stats: 0.

CodeHeap 'non-profiled nmethods': size=119168Kb used=2196Kb max_used=2196Kb free=116971Kb
 bounds [0x0000014223210000, 0x0000014223480000, 0x000001422a670000]
CodeHeap 'profiled nmethods': size=119104Kb used=9609Kb max_used=9609Kb free=109494Kb
 bounds [0x000001421b670000, 0x000001421bfe0000, 0x0000014222ac0000]
CodeHeap 'non-nmethods': size=7488Kb used=2870Kb max_used=2926Kb free=4617Kb
 bounds [0x0000014222ac0000, 0x0000014222db0000, 0x0000014223210000]
 total_blobs=5042 nmethods=4569 adapters=382
 compilation: enabled
              stopped_count=0, restarted_count=0
 full_count=0

Compilation events (20 events):
Event: 5.998 Thread 0x000001427810ed80 4526       3       java.util.concurrent.locks.ReentrantReadWriteLock$Sync$ThreadLocalHoldCounter::<init> (5 bytes)
Event: 5.998 Thread 0x000001427810ed80 nmethod 4526 0x000001421bfaeb10 code [0x000001421bfaece0, 0x000001421bfaef68]
Event: 5.998 Thread 0x000001427810ed80 4529       3       java.lang.ThreadLocal$ThreadLocalMap::cleanSomeSlots (61 bytes)
Event: 5.998 Thread 0x000001423266df20 nmethod 4524 0x000001421bfaf090 code [0x000001421bfaf280, 0x000001421bfaf7c8]
Event: 5.998 Thread 0x000001423266df20 4527       3       java.util.concurrent.locks.ReentrantReadWriteLock$ReadLock::<init> (13 bytes)
Event: 5.998 Thread 0x000001423299ba60 nmethod 4525 0x000001421bfafa10 code [0x000001421bfafc00, 0x000001421bfb00e8]
Event: 5.998 Thread 0x00000142318ab070 nmethod 4523 0x000001421bfb0310 code [0x000001421bfb0560, 0x000001421bfb1098]
Event: 5.998 Thread 0x000001423299ba60 4528       3       java.util.concurrent.locks.ReentrantReadWriteLock$WriteLock::<init> (13 bytes)
Event: 5.999 Thread 0x000001427810ed80 nmethod 4529 0x000001421bfb1410 code [0x000001421bfb1600, 0x000001421bfb1b18]
Event: 5.999 Thread 0x000001423266df20 nmethod 4527 0x000001421bfb1d90 code [0x000001421bfb1f40, 0x000001421bfb20f8]
Event: 5.999 Thread 0x000001423299ba60 nmethod 4528 0x000001421bfb2210 code [0x000001421bfb23c0, 0x000001421bfb2578]
Event: 6.003 Thread 0x0000014278e53a10 nmethod 4496 0x0000014223434510 code [0x00000142234346e0, 0x0000014223434d68]
Event: 6.003 Thread 0x0000014278e53a10 4509       4       org.eclipse.aether.util.graph.transformer.ConflictResolver$State::deriveScope (83 bytes)
Event: 6.003 Thread 0x000001427810ed80 4530       3       sun.nio.ch.FileChannelImpl::beginBlocking (12 bytes)
Event: 6.003 Thread 0x00000142318ab070 4531       3       sun.nio.ch.FileChannelImpl::endBlocking (13 bytes)
Event: 6.003 Thread 0x000001427810ed80 nmethod 4530 0x000001421bfb2690 code [0x000001421bfb2840, 0x000001421bfb29a8]
Event: 6.003 Thread 0x00000142318ab070 nmethod 4531 0x000001421bfb2a90 code [0x000001421bfb2c40, 0x000001421bfb2da8]
Event: 6.008 Thread 0x000001423299ba60 4532       3       java.util.HashSet::clear (8 bytes)
Event: 6.009 Thread 0x00000142318ab070 4533   !   3       java.io.File::toPath (54 bytes)
Event: 6.011 Thread 0x000001423266df20 4534       3       java.lang.Math::max (12 bytes)

GC Heap History (6 events):
Event: 0.917 GC heap before
{Heap before GC invocations=0 (full 0):
 garbage-first heap   total 120832K, used 23552K [0x000000008a800000, 0x0000000100000000)
  region size 1024K, 23 young (23552K), 0 survivors (0K)
 Metaspace       used 5498K, committed 5696K, reserved 1114112K
  class space    used 659K, committed 768K, reserved 1048576K
}
Event: 0.923 GC heap after
{Heap after GC invocations=1 (full 0):
 garbage-first heap   total 120832K, used 3660K [0x000000008a800000, 0x0000000100000000)
  region size 1024K, 3 young (3072K), 3 survivors (3072K)
 Metaspace       used 5498K, committed 5696K, reserved 1114112K
  class space    used 659K, committed 768K, reserved 1048576K
}
Event: 1.704 GC heap before
{Heap before GC invocations=1 (full 0):
 garbage-first heap   total 120832K, used 35404K [0x000000008a800000, 0x0000000100000000)
  region size 1024K, 34 young (34816K), 3 survivors (3072K)
 Metaspace       used 9788K, committed 9984K, reserved 1114112K
  class space    used 1180K, committed 1280K, reserved 1048576K
}
Event: 1.711 GC heap after
{Heap after GC invocations=2 (full 0):
 garbage-first heap   total 120832K, used 5423K [0x000000008a800000, 0x0000000100000000)
  region size 1024K, 2 young (2048K), 2 survivors (2048K)
 Metaspace       used 9788K, committed 9984K, reserved 1114112K
  class space    used 1180K, committed 1280K, reserved 1048576K
}
Event: 4.590 GC heap before
{Heap before GC invocations=2 (full 0):
 garbage-first heap   total 120832K, used 75055K [0x000000008a800000, 0x0000000100000000)
  region size 1024K, 70 young (71680K), 2 survivors (2048K)
 Metaspace       used 15774K, committed 15936K, reserved 1114112K
  class space    used 1859K, committed 1920K, reserved 1048576K
}
Event: 4.608 GC heap after
{Heap after GC invocations=3 (full 0):
 garbage-first heap   total 120832K, used 13186K [0x000000008a800000, 0x0000000100000000)
  region size 1024K, 9 young (9216K), 9 survivors (9216K)
 Metaspace       used 15774K, committed 15936K, reserved 1114112K
  class space    used 1859K, committed 1920K, reserved 1048576K
}

Dll operation events (8 events):
Event: 0.013 Loaded shared library C:\Program Files\Eclipse Adoptium\jdk-17.0.17.10-hotspot\bin\java.dll
Event: 0.039 Loaded shared library C:\Program Files\Eclipse Adoptium\jdk-17.0.17.10-hotspot\bin\jsvml.dll
Event: 0.068 Loaded shared library C:\Program Files\Eclipse Adoptium\jdk-17.0.17.10-hotspot\bin\net.dll
Event: 0.071 Loaded shared library C:\Program Files\Eclipse Adoptium\jdk-17.0.17.10-hotspot\bin\nio.dll
Event: 0.076 Loaded shared library C:\Program Files\Eclipse Adoptium\jdk-17.0.17.10-hotspot\bin\zip.dll
Event: 0.303 Loaded shared library C:\Program Files\Eclipse Adoptium\jdk-17.0.17.10-hotspot\bin\jimage.dll
Event: 0.306 Loaded shared library C:\ProgramData\chocolatey\lib\maven\apache-maven-3.9.9\lib\jansi-native\Windows\x86_64\jansi.dll
Event: 0.330 Loaded shared library C:\Program Files\Eclipse Adoptium\jdk-17.0.17.10-hotspot\bin\verify.dll

Deoptimization events (20 events):
Event: 5.652 Thread 0x0000014213afb680 Uncommon trap: trap_request=0xffffffbe fr.pc=0x0000014223415634 relative=0x0000000000000214
Event: 5.652 Thread 0x0000014213afb680 Uncommon trap: reason=profile_predicate action=maybe_recompile pc=0x0000014223415634 method=java.util.HashMap.keysToArray([Ljava/lang/Object;)[Ljava/lang/Object; @ 36 c2
Event: 5.652 Thread 0x0000014213afb680 DEOPT PACKING pc=0x0000014223415634 sp=0x0000000bc92fbf80
Event: 5.652 Thread 0x0000014213afb680 DEOPT UNPACKING pc=0x0000014222b169a3 sp=0x0000000bc92fbf20 mode 2
Event: 5.662 Thread 0x0000014213afb680 Uncommon trap: trap_request=0xffffff76 fr.pc=0x0000014223289ec8 relative=0x0000000000000288
Event: 5.662 Thread 0x0000014213afb680 Uncommon trap: reason=predicate action=maybe_recompile pc=0x0000014223289ec8 method=java.nio.charset.CharsetDecoder.decode(Ljava/nio/ByteBuffer;Ljava/nio/CharBuffer;Z)Ljava/nio/charset/CoderResult; @ 54 c2
Event: 5.662 Thread 0x0000014213afb680 DEOPT PACKING pc=0x0000014223289ec8 sp=0x0000000bc92fbe80
Event: 5.662 Thread 0x0000014213afb680 DEOPT UNPACKING pc=0x0000014222b169a3 sp=0x0000000bc92fbe20 mode 2
Event: 5.984 Thread 0x0000014213afb680 Uncommon trap: trap_request=0xffffff45 fr.pc=0x00000142232d3c50 relative=0x0000000000000230
Event: 5.984 Thread 0x0000014213afb680 Uncommon trap: reason=unstable_if action=reinterpret pc=0x00000142232d3c50 method=java.util.HashMap.hash(Ljava/lang/Object;)I @ 1 c2
Event: 5.984 Thread 0x0000014213afb680 DEOPT PACKING pc=0x00000142232d3c50 sp=0x0000000bc92fd9f0
Event: 5.984 Thread 0x0000014213afb680 DEOPT UNPACKING pc=0x0000014222b169a3 sp=0x0000000bc92fd888 mode 2
Event: 5.985 Thread 0x0000014213afb680 Uncommon trap: trap_request=0xffffff45 fr.pc=0x0000014223404cc4 relative=0x0000000000000224
Event: 5.985 Thread 0x0000014213afb680 Uncommon trap: reason=unstable_if action=reinterpret pc=0x0000014223404cc4 method=java.util.HashMap.hash(Ljava/lang/Object;)I @ 1 c2
Event: 5.985 Thread 0x0000014213afb680 DEOPT PACKING pc=0x0000014223404cc4 sp=0x0000000bc92fd980
Event: 5.985 Thread 0x0000014213afb680 DEOPT UNPACKING pc=0x0000014222b169a3 sp=0x0000000bc92fd888 mode 2
Event: 5.985 Thread 0x0000014213afb680 Uncommon trap: trap_request=0xffffff45 fr.pc=0x00000142232a9b38 relative=0x0000000000000098
Event: 5.985 Thread 0x0000014213afb680 Uncommon trap: reason=unstable_if action=reinterpret pc=0x00000142232a9b38 method=java.util.HashMap.hash(Ljava/lang/Object;)I @ 1 c2
Event: 5.985 Thread 0x0000014213afb680 DEOPT PACKING pc=0x00000142232a9b38 sp=0x0000000bc92fd8f0
Event: 5.985 Thread 0x0000014213afb680 DEOPT UNPACKING pc=0x0000014222b169a3 sp=0x0000000bc92fd888 mode 2

Classes loaded (20 events):
Event: 2.929 Loading class java/util/spi/ResourceBundleProvider
Event: 2.930 Loading class java/util/spi/ResourceBundleProvider done
Event: 2.930 Loading class sun/util/resources/LocaleData$LocaleDataResourceBundleProvider done
Event: 2.930 Loading class sun/util/resources/LocaleData$CommonResourceBundleProvider done
Event: 2.930 Loading class sun/util/resources/Bundles$2
Event: 2.931 Loading class sun/util/resources/Bundles$2 done
Event: 3.178 Loading class java/util/stream/Streams$RangeIntSpliterator
Event: 3.179 Loading class java/util/stream/Streams$RangeIntSpliterator done
Event: 3.800 Loading class java/util/stream/MatchOps$MatchKind
Event: 3.800 Loading class java/util/stream/MatchOps$MatchKind done
Event: 3.801 Loading class java/util/stream/MatchOps
Event: 3.801 Loading class java/util/stream/MatchOps done
Event: 3.801 Loading class java/util/stream/MatchOps$MatchOp
Event: 3.802 Loading class java/util/stream/MatchOps$MatchOp done
Event: 3.802 Loading class java/util/stream/MatchOps$BooleanTerminalSink
Event: 3.802 Loading class java/util/stream/MatchOps$BooleanTerminalSink done
Event: 3.803 Loading class java/util/stream/MatchOps$1MatchSink
Event: 3.803 Loading class java/util/stream/MatchOps$1MatchSink done
Event: 5.661 Loading class sun/nio/cs/ISO_8859_1$Decoder
Event: 5.661 Loading class sun/nio/cs/ISO_8859_1$Decoder done

Classes unloaded (0 events):
No events

Classes redefined (0 events):
No events

Internal exceptions (20 events):
Event: 0.761 Thread 0x0000014213afb680 Exception <a 'java/lang/NoSuchMethodError'{0x0000000090e842b0}: 'int java.lang.invoke.DirectMethodHandle$Holder.invokeSpecialIFC(java.lang.Object, java.lang.Object, java.lang.Object, java.lang.Object, java.lang.Object)'> (0x0000000090e842b0) 
thrown [s\src\hotspot\share\interpreter\linkResolver.cpp, line 759]
Event: 0.812 Thread 0x0000014213afb680 Exception <a 'java/lang/NoSuchMethodError'{0x0000000090c2a538}: 'java.lang.Object java.lang.invoke.DirectMethodHandle$Holder.newInvokeSpecial(java.lang.Object, java.lang.Object, java.lang.Object, java.lang.Object, java.lang.Object)'> (0x0000000090c2a538) 
thrown [s\src\hotspot\share\interpreter\linkResolver.cpp, line 759]
Event: 0.850 Thread 0x0000014213afb680 Exception <a 'java/lang/NoSuchMethodError'{0x0000000090b30b00}: 'int java.lang.invoke.DirectMethodHandle$Holder.invokeStaticInit(java.lang.Object, java.lang.Object)'> (0x0000000090b30b00) 
thrown [s\src\hotspot\share\interpreter\linkResolver.cpp, line 759]
Event: 0.861 Thread 0x0000014213afb680 Exception <a 'java/lang/NoClassDefFoundError'{0x0000000090b68f78}: javax/enterprise/inject/Typed> (0x0000000090b68f78) 
thrown [s\src\hotspot\share\classfile\systemDictionary.cpp, line 245]
Event: 1.852 Thread 0x0000014213afb680 Exception <a 'java/lang/NoSuchMethodError'{0x0000000091979fe0}: 'void java.lang.invoke.DirectMethodHandle$Holder.invokeStaticInit(java.lang.Object, java.lang.Object, java.lang.Object)'> (0x0000000091979fe0) 
thrown [s\src\hotspot\share\interpreter\linkResolver.cpp, line 759]
Event: 1.863 Thread 0x0000014213afb680 Exception <a 'java/lang/ExceptionInInitializerError'{0x00000000919a5920}> (0x00000000919a5920) 
thrown [s\src\hotspot\share\oops\instanceKlass.cpp, line 1218]
Event: 1.912 Thread 0x0000014213afb680 Implicit null exception at 0x00000142232994af to 0x000001422329960c
Event: 1.915 Thread 0x0000014213afb680 Exception <a 'java/lang/NoSuchMethodError'{0x00000000918b6b68}: 'java.lang.Object java.lang.invoke.Invokers$Holder.invokeExact_MT(java.lang.Object, int, java.lang.Object)'> (0x00000000918b6b68) 
thrown [s\src\hotspot\share\interpreter\linkResolver.cpp, line 759]
Event: 1.933 Thread 0x0000014213afb680 Exception <a 'java/lang/NoSuchMethodError'{0x00000000917293e8}: 'int java.lang.invoke.DirectMethodHandle$Holder.invokeSpecial(java.lang.Object, java.lang.Object, java.lang.Object, java.lang.Object)'> (0x00000000917293e8) 
thrown [s\src\hotspot\share\interpreter\linkResolver.cpp, line 759]
Event: 2.308 Thread 0x0000014213afb680 Exception <a 'java/lang/NoClassDefFoundError'{0x0000000090fc25f0}: com/google/inject/servlet/ServletModuleTargetVisitor> (0x0000000090fc25f0) 
thrown [s\src\hotspot\share\classfile\systemDictionary.cpp, line 245]
Event: 2.376 Thread 0x0000014213afb680 Exception <a 'java/lang/NoSuchMethodError'{0x0000000090d550c0}: 'void java.lang.invoke.DirectMethodHandle$Holder.invokeVirtual(java.lang.Object, java.lang.Object)'> (0x0000000090d550c0) 
thrown [s\src\hotspot\share\interpreter\linkResolver.cpp, line 759]
Event: 2.411 Thread 0x0000014213afb680 Exception <a 'java/lang/NoSuchMethodError'{0x0000000090dcd810}: 'java.lang.Object java.lang.invoke.DirectMethodHandle$Holder.invokeStaticInit(java.lang.Object, int, int, int, int)'> (0x0000000090dcd810) 
thrown [s\src\hotspot\share\interpreter\linkResolver.cpp, line 759]
Event: 2.689 Thread 0x0000014213afb680 Implicit null exception at 0x0000014223238972 to 0x0000014223238f3c
Event: 2.690 Thread 0x0000014213afb680 Implicit null exception at 0x000001422323d7f2 to 0x000001422323ddcc
Event: 2.805 Thread 0x0000014213afb680 Exception <a 'java/lang/NoSuchMethodError'{0x0000000090753ad8}: 'void java.lang.invoke.DirectMethodHandle$Holder.invokeSpecial(java.lang.Object, java.lang.Object, java.lang.Object, java.lang.Object, java.lang.Object)'> (0x0000000090753ad8) 
thrown [s\src\hotspot\share\interpreter\linkResolver.cpp, line 759]
Event: 2.817 Thread 0x0000014213afb680 Exception <a 'java/lang/NoSuchMethodError'{0x0000000090771130}: 'void java.lang.invoke.DirectMethodHandle$Holder.invokeSpecial(java.lang.Object, java.lang.Object, java.lang.Object, java.lang.Object, java.lang.Object, java.lang.Object)'> (0x0000000090771130) 
thrown [s\src\hotspot\share\interpreter\linkResolver.cpp, line 759]
Event: 2.879 Thread 0x0000014213afb680 Exception <a 'java/lang/NoSuchMethodError'{0x00000000906b4480}: 'java.lang.Object java.lang.invoke.DirectMethodHandle$Holder.invokeVirtual(java.lang.Object, java.lang.Object, java.lang.Object)'> (0x00000000906b4480) 
thrown [s\src\hotspot\share\interpreter\linkResolver.cpp, line 759]
Event: 5.984 Thread 0x0000014213afb680 Implicit null exception at 0x00000142232d3a6a to 0x00000142232d3c34
Event: 5.985 Thread 0x0000014213afb680 Implicit null exception at 0x0000014223404aea to 0x0000014223404ca8
Event: 5.985 Thread 0x0000014213afb680 Implicit null exception at 0x00000142232a9aaf to 0x00000142232a9b29

VM Operations (20 events):
Event: 2.425 Executing VM operation: HandshakeAllThreads
Event: 2.425 Executing VM operation: HandshakeAllThreads done
Event: 2.456 Executing VM operation: ICBufferFull
Event: 2.456 Executing VM operation: ICBufferFull done
Event: 2.602 Executing VM operation: HandshakeAllThreads
Event: 2.602 Executing VM operation: HandshakeAllThreads done
Event: 2.605 Executing VM operation: HandshakeAllThreads
Event: 2.605 Executing VM operation: HandshakeAllThreads done
Event: 3.446 Executing VM operation: ICBufferFull
Event: 3.446 Executing VM operation: ICBufferFull done
Event: 3.758 Executing VM operation: HandshakeAllThreads
Event: 3.758 Executing VM operation: HandshakeAllThreads done
Event: 4.141 Executing VM operation: ICBufferFull
Event: 4.141 Executing VM operation: ICBufferFull done
Event: 4.590 Executing VM operation: G1CollectForAllocation
Event: 4.608 Executing VM operation: G1CollectForAllocation done
Event: 5.578 Executing VM operation: ICBufferFull
Event: 5.578 Executing VM operation: ICBufferFull done
Event: 6.582 Executing VM operation: Cleanup
Event: 6.583 Executing VM operation: Cleanup done

Memory protections (0 events):
No events

Nmethod flushes (0 events):
No events

Events (20 events):
Event: 0.051 Thread 0x0000014213afb680 Thread added: 0x00000142318a8600
Event: 0.051 Thread 0x0000014213afb680 Thread added: 0x00000142318a8fc0
Event: 0.051 Thread 0x0000014213afb680 Thread added: 0x00000142318a9980
Event: 0.051 Thread 0x0000014213afb680 Thread added: 0x00000142318aa670
Event: 0.051 Thread 0x0000014213afb680 Thread added: 0x00000142318ab070
Event: 0.051 Thread 0x0000014213afb680 Thread added: 0x00000142318aba70
Event: 0.054 Thread 0x00000142318ab070 Thread added: 0x000001423266df20
Event: 0.062 Thread 0x0000014213afb680 Thread added: 0x000001423273af70
Event: 0.064 Thread 0x0000014213afb680 Thread added: 0x0000014232745720
Event: 0.301 Thread 0x0000014213afb680 Thread added: 0x00000142329a5f70
Event: 0.469 Thread 0x00000142329a5f70 Thread exited: 0x00000142329a5f70
Event: 0.517 Thread 0x00000142318ab070 Thread added: 0x000001423299ba60
Event: 0.520 Thread 0x000001423299ba60 Thread added: 0x000001427810ed80
Event: 0.575 Thread 0x00000142318ab070 Thread added: 0x00000142783177f0
Event: 2.514 Thread 0x0000014213afb680 Thread added: 0x0000014278e92750
Event: 2.606 Thread 0x00000142783177f0 Thread exited: 0x00000142783177f0
Event: 2.869 Thread 0x00000142318ab070 Thread added: 0x0000014278d6b5c0
Event: 5.767 Thread 0x0000014278d6b5c0 Thread exited: 0x0000014278d6b5c0
Event: 5.991 Thread 0x000001423299ba60 Thread added: 0x0000014278e544b0
Event: 5.993 Thread 0x00000142318aa670 Thread added: 0x0000014278e53a10


Dynamic libraries:
0x00007ff6b7920000 - 0x00007ff6b792e000 	C:\Program Files\Eclipse Adoptium\jdk-17.0.17.10-hotspot\bin\java.exe
0x00007ff8add60000 - 0x00007ff8adfc8000 	C:\WINDOWS\SYSTEM32\ntdll.dll
0x00007ff8ad290000 - 0x00007ff8ad359000 	C:\WINDOWS\System32\KERNEL32.DLL
0x00007ff8aaf60000 - 0x00007ff8ab358000 	C:\WINDOWS\System32\KERNELBASE.dll
0x00007ff8ab610000 - 0x00007ff8ab75b000 	C:\WINDOWS\System32\ucrtbase.dll
0x00007ff86e560000 - 0x00007ff86e578000 	C:\Program Files\Eclipse Adoptium\jdk-17.0.17.10-hotspot\bin\jli.dll
0x00007ff870a90000 - 0x00007ff870aae000 	C:\Program Files\Eclipse Adoptium\jdk-17.0.17.10-hotspot\bin\VCRUNTIME140.dll
0x00007ff8adb50000 - 0x00007ff8add17000 	C:\WINDOWS\System32\USER32.dll
0x00007ff8ab8d0000 - 0x00007ff8ab8f7000 	C:\WINDOWS\System32\win32u.dll
0x00007ff8ad780000 - 0x00007ff8ad7ab000 	C:\WINDOWS\System32\GDI32.dll
0x00007ff8924c0000 - 0x00007ff892754000 	C:\WINDOWS\WinSxS\amd64_microsoft.windows.common-controls_6595b64144ccf1df_6.0.26100.7019_none_3e06ffa0e335b8a8\COMCTL32.dll
0x00007ff8ab4e0000 - 0x00007ff8ab60c000 	C:\WINDOWS\System32\gdi32full.dll
0x00007ff8ab990000 - 0x00007ff8aba33000 	C:\WINDOWS\System32\msvcp_win.dll
0x00007ff8ad1e0000 - 0x00007ff8ad289000 	C:\WINDOWS\System32\msvcrt.dll
0x00007ff8ad190000 - 0x00007ff8ad1c1000 	C:\WINDOWS\System32\IMM32.DLL
0x00007ff89fbb0000 - 0x00007ff89fbbc000 	C:\Program Files\Eclipse Adoptium\jdk-17.0.17.10-hotspot\bin\vcruntime140_1.dll
0x00007ff82f790000 - 0x00007ff82f81d000 	C:\Program Files\Eclipse Adoptium\jdk-17.0.17.10-hotspot\bin\msvcp140.dll
0x00007ff827690000 - 0x00007ff8282fb000 	C:\Program Files\Eclipse Adoptium\jdk-17.0.17.10-hotspot\bin\server\jvm.dll
0x00007ff8abb80000 - 0x00007ff8abc34000 	C:\WINDOWS\System32\ADVAPI32.dll
0x00007ff8ac810000 - 0x00007ff8ac8b6000 	C:\WINDOWS\System32\sechost.dll
0x00007ff8ad900000 - 0x00007ff8ada18000 	C:\WINDOWS\System32\RPCRT4.dll
0x00007ff8abb00000 - 0x00007ff8abb74000 	C:\WINDOWS\System32\WS2_32.dll
0x00007ff8a85b0000 - 0x00007ff8a85e5000 	C:\WINDOWS\SYSTEM32\WINMM.dll
0x00007ff8a2360000 - 0x00007ff8a236b000 	C:\WINDOWS\SYSTEM32\VERSION.dll
0x00007ff8aad10000 - 0x00007ff8aad6e000 	C:\WINDOWS\SYSTEM32\POWRPROF.dll
0x00007ff8aacf0000 - 0x00007ff8aad04000 	C:\WINDOWS\SYSTEM32\UMPDC.dll
0x00007ff8a9c30000 - 0x00007ff8a9c4b000 	C:\WINDOWS\SYSTEM32\kernel.appcore.dll
0x00007ff89e690000 - 0x00007ff89e69a000 	C:\Program Files\Eclipse Adoptium\jdk-17.0.17.10-hotspot\bin\jimage.dll
0x00007ff8a82f0000 - 0x00007ff8a8532000 	C:\WINDOWS\SYSTEM32\DBGHELP.DLL
0x00007ff8acd50000 - 0x00007ff8ad0db000 	C:\WINDOWS\System32\combase.dll
0x00007ff8ad5d0000 - 0x00007ff8ad6a7000 	C:\WINDOWS\System32\OLEAUT32.dll
0x00007ff8a8570000 - 0x00007ff8a85ac000 	C:\WINDOWS\SYSTEM32\dbgcore.DLL
0x00007ff8aaeb0000 - 0x00007ff8aaf55000 	C:\WINDOWS\System32\bcryptPrimitives.dll
0x00007ff8417e0000 - 0x00007ff841805000 	C:\Program Files\Eclipse Adoptium\jdk-17.0.17.10-hotspot\bin\java.dll
0x00007ff82f6b0000 - 0x00007ff82f787000 	C:\Program Files\Eclipse Adoptium\jdk-17.0.17.10-hotspot\bin\jsvml.dll
0x00007ff8abc50000 - 0x00007ff8ac39f000 	C:\WINDOWS\System32\SHELL32.dll
0x00007ff8ab760000 - 0x00007ff8ab8cb000 	C:\WINDOWS\System32\wintypes.dll
0x00007ff8a8a90000 - 0x00007ff8a92ed000 	C:\WINDOWS\SYSTEM32\windows.storage.dll
0x00007ff8ad800000 - 0x00007ff8ad8f2000 	C:\WINDOWS\System32\SHCORE.dll
0x00007ff8adae0000 - 0x00007ff8adb47000 	C:\WINDOWS\System32\shlwapi.dll
0x00007ff8aadd0000 - 0x00007ff8aadf9000 	C:\WINDOWS\SYSTEM32\profapi.dll
0x00007ff86ddd0000 - 0x00007ff86ddea000 	C:\Program Files\Eclipse Adoptium\jdk-17.0.17.10-hotspot\bin\net.dll
0x00007ff8a2aa0000 - 0x00007ff8a2bc8000 	C:\WINDOWS\SYSTEM32\WINHTTP.dll
0x00007ff8aa180000 - 0x00007ff8aa1eb000 	C:\WINDOWS\system32\mswsock.dll
0x00007ff86c9f0000 - 0x00007ff86ca06000 	C:\Program Files\Eclipse Adoptium\jdk-17.0.17.10-hotspot\bin\nio.dll
0x00007ff869880000 - 0x00007ff869898000 	C:\Program Files\Eclipse Adoptium\jdk-17.0.17.10-hotspot\bin\zip.dll
0x00007ff852df0000 - 0x00007ff852e14000 	C:\ProgramData\chocolatey\lib\maven\apache-maven-3.9.9\lib\jansi-native\Windows\x86_64\jansi.dll
0x00007ff876050000 - 0x00007ff876060000 	C:\Program Files\Eclipse Adoptium\jdk-17.0.17.10-hotspot\bin\verify.dll

dbghelp: loaded successfully - version: 4.0.5 - missing functions: none
symbol engine: initialized successfully - sym options: 0x614 - pdb path: .;C:\Program Files\Eclipse Adoptium\jdk-17.0.17.10-hotspot\bin;C:\WINDOWS\SYSTEM32;C:\WINDOWS\WinSxS\amd64_microsoft.windows.common-controls_6595b64144ccf1df_6.0.26100.7019_none_3e06ffa0e335b8a8;C:\Program Files\Eclipse Adoptium\jdk-17.0.17.10-hotspot\bin\server;C:\ProgramData\chocolatey\lib\maven\apache-maven-3.9.9\lib\jansi-native\Windows\x86_64

VM Arguments:
jvm_args: -Dclassworlds.conf=C:\ProgramData\chocolatey\lib\maven\apache-maven-3.9.9\bin\m2.conf -Dmaven.home=C:\ProgramData\chocolatey\lib\maven\apache-maven-3.9.9 -Dlibrary.jansi.path=C:\ProgramData\chocolatey\lib\maven\apache-maven-3.9.9\lib\jansi-native -Dmaven.multiModuleProjectDirectory=C:\sistema-inventario-microservicios\ms-productos 
java_command: org.codehaus.plexus.classworlds.launcher.Launcher clean package -DskipTests
java_class_path (initial): C:\ProgramData\chocolatey\lib\maven\apache-maven-3.9.9\boot\plexus-classworlds-2.8.0.jar
Launcher Type: SUN_STANDARD

[Global flags]
     intx CICompilerCount                          = 12                                        {product} {ergonomic}
     uint ConcGCThreads                            = 3                                         {product} {ergonomic}
     uint G1ConcRefinementThreads                  = 13                                        {product} {ergonomic}
   size_t G1HeapRegionSize                         = 1048576                                   {product} {ergonomic}
    uintx GCDrainStackTargetSize                   = 64                                        {product} {ergonomic}
   size_t InitialHeapSize                          = 123731968                                 {product} {ergonomic}
   size_t MarkStackSize                            = 4194304                                   {product} {ergonomic}
   size_t MaxHeapSize                              = 1971322880                                {product} {ergonomic}
   size_t MaxNewSize                               = 1182793728                                {product} {ergonomic}
   size_t MinHeapDeltaBytes                        = 1048576                                   {product} {ergonomic}
   size_t MinHeapSize                              = 8388608                                   {product} {ergonomic}
    uintx NonNMethodCodeHeapSize                   = 7602480                                {pd product} {ergonomic}
    uintx NonProfiledCodeHeapSize                  = 122027880                              {pd product} {ergonomic}
    uintx ProfiledCodeHeapSize                     = 122027880                              {pd product} {ergonomic}
    uintx ReservedCodeCacheSize                    = 251658240                              {pd product} {ergonomic}
     bool SegmentedCodeCache                       = true                                      {product} {ergonomic}
   size_t SoftMaxHeapSize                          = 1971322880                             {manageable} {ergonomic}
     bool UseCompressedClassPointers               = true                           {product lp64_product} {ergonomic}
     bool UseCompressedOops                        = true                           {product lp64_product} {ergonomic}
     bool UseG1GC                                  = true                                      {product} {ergonomic}
     bool UseLargePagesIndividualAllocation        = false                                  {pd product} {ergonomic}

Logging:
Log output configuration:
 #0: stdout all=warning uptime,level,tags
 #1: stderr all=off uptime,level,tags

Environment Variables:
JAVA_HOME=C:\Program Files\Eclipse Adoptium\jdk-17.0.17.10-hotspot\
PATH=C:\Program Files\Eclipse Adoptium\jdk-17.0.17.10-hotspot\bin;C:\Program Files (x86)\Common Files\Oracle\Java\javapath;C:\oraclexe\app\oracle\product\11.2.0\server\bin;C:\Program Files\Common Files\Oracle\Java\javapath;C:\Program Files (x86)\VMware\VMware Workstation\bin\;C:\WINDOWS\system32;C:\WINDOWS;C:\WINDOWS\System32\Wbem;C:\WINDOWS\System32\WindowsPowerShell\v1.0\;C:\WINDOWS\System32\OpenSSH\;C:\Program Files\dotnet\;C:\Program Files\Microsoft SQL Server\Client SDK\ODBC\170\Tools\Binn\;C:\Program Files\Azure Data Studio\bin;C:\Program Files\PuTTY\;C:\Program Files\nodejs\;C:\Program Files\Git\cmd;C:\Program Files (x86)\Windows Kits\10\Windows Performance Toolkit\;C:\ProgramData\chocolatey\bin;C:\ProgramData\chocolatey\lib\maven\apache-maven-3.9.9\bin;C:\Program Files (x86)\Microsoft SQL Server\150\Tools\Binn\;C:\Program Files\Microsoft SQL Server\150\Tools\Binn\;C:\Program Files\Microsoft SQL Server\150\DTS\Binn\;C:\Program Files (x86)\Microsoft SQL Server\160\DTS\Binn\;C:\Program Files (x86)\Microsoft SQL Server\150\DTS\Binn\;C:\lolalolita\CASSANDRA\bin;C:\Users\jeans\AppData\Local\Programs\Python\Python312;;C:\Program Files\Docker\Docker\resources\bin;C:\Users\jeans\AppData\Local\Programs\Python\Python312\Scripts\;C:\Users\jeans\AppData\Local\Programs\Python\Python312\;C:\Users\jeans\.console-ninja\.bin;C:\Users\jeans\AppData\Local\Microsoft\WindowsApps;C:\Users\jeans\.dotnet\tools;C:\Program Files\Azure Data Studio\bin;C:\Users\jeans\AppData\Local\Programs\Microsoft VS Code\bin;C:\Users\jeans\AppData\Roaming\npm;C:\Program Files\MySQL\MySQL Server 8.0\bin;C:\Users\jeans\flutter\bin;C:\Program Files\PostgreSQL\17\bin;C:\Users\jeans\AppData\Local\Microsoft\WindowsApps;C:\Program Files\MongoDB\Server\8.0\bin;C:\Program Files\Java\jdk-21\;C:\Users\jeans\AppData\Local\GitHubDesktop\bin
USERNAME=jeans
OS=Windows_NT
PROCESSOR_IDENTIFIER=AMD64 Family 23 Model 104 Stepping 1, AuthenticAMD
TMP=C:\Users\jeans\AppData\Local\Temp
TEMP=C:\Users\jeans\AppData\Local\Temp



Periodic native trim disabled


---------------  S Y S T E M  ---------------

OS:
 Windows 11 , 64 bit Build 26100 (10.0.26100.7019)
OS uptime: 6 days 2:53 hours
Hyper-V role detected

CPU: total 16 (initial active 16) (16 cores per cpu, 2 threads per core) family 23 model 104 stepping 1 microcode 0x8608103, cx8, cmov, fxsr, ht, mmx, 3dnowpref, sse, sse2, sse3, ssse3, sse4a, sse4.1, sse4.2, popcnt, lzcnt, tsc, tscinvbit, avx, avx2, aes, clmul, bmi1, bmi2, adx, sha, fma, vzeroupper, clflush, clflushopt, hv
Processor Information for all 16 processors :
  Max Mhz: 1801, Current Mhz: 1801, Mhz Limit: 1801

Memory: 4k page, system-wide physical 7514M (1248M free)
TotalPageFile size 31066M (AvailPageFile size 56M)
current process WorkingSet (physical memory assigned to process): 173M, peak: 175M
current process commit charge ("private bytes"): 261M, peak: 264M

vm_info: OpenJDK 64-Bit Server VM (17.0.17+10) for windows-amd64 JRE (17.0.17+10), built on Oct 21 2025 23:25:32 by "admin" with unknown MS VC++:1942

END.
